Flow report for Z80-processor-DMA
Thu Sep 14 19:31:26 2023
Quartus II 32-bit Version 13.0.1 Build 232 06/12/2013 Service Pack 1 SJ Web Edition


---------------------
; Table of Contents ;
---------------------
  1. Legal Notice
  2. Flow Summary
  3. Flow Settings
  4. Flow Non-Default Global Settings
  5. Flow Elapsed Time
  6. Flow OS Summary
  7. Flow Log
  8. Flow Messages
  9. Flow Suppressed Messages



----------------
; Legal Notice ;
----------------
Copyright (C) 1991-2013 Altera Corporation
Your use of Altera Corporation's design tools, logic functions 
and other software and tools, and its AMPP partner logic 
functions, and any output files from any of the foregoing 
(including device programming or simulation files), and any 
associated documentation or information are expressly subject 
to the terms and conditions of the Altera Program License 
Subscription Agreement, Altera MegaCore Function License 
Agreement, or other applicable license agreement, including, 
without limitation, that your use is for the sole purpose of 
programming logic devices manufactured by Altera and sold by 
Altera or its authorized distributors.  Please refer to the 
applicable agreement for further details.



+-----------------------------------------------------------------------------+
; Flow Summary                                                                ;
+---------------------------+-------------------------------------------------+
; Flow Status               ; Successful - Thu Sep 14 19:31:16 2023           ;
; Quartus II 32-bit Version ; 13.0.1 Build 232 06/12/2013 SP 1 SJ Web Edition ;
; Revision Name             ; Z80-processor-DMA                               ;
; Top-level Entity Name     ; Z80-processor-DMA                               ;
; Family                    ; MAX7000S                                        ;
; Device                    ; EPM7128SLC84-10                                 ;
; Timing Models             ; Final                                           ;
; Total macrocells          ; 33 / 128 ( 26 % )                               ;
; Total pins                ; 49 / 68 ( 72 % )                                ;
+---------------------------+-------------------------------------------------+


+-----------------------------------------+
; Flow Settings                           ;
+-------------------+---------------------+
; Option            ; Setting             ;
+-------------------+---------------------+
; Start date & time ; 09/14/2023 19:30:54 ;
; Main task         ; Compilation         ;
; Revision Name     ; Z80-processor-DMA   ;
+-------------------+---------------------+


+-------------------------------------------------------------------------------------------------------+
; Flow Non-Default Global Settings                                                                      ;
+--------------------------+---------------------------------+---------------+-------------+------------+
; Assignment Name          ; Value                           ; Default Value ; Entity Name ; Section Id ;
+--------------------------+---------------------------------+---------------+-------------+------------+
; COMPILER_SIGNATURE_ID    ; 158515241160792.169473425309216 ; --            ; --          ; --         ;
; PROJECT_OUTPUT_DIRECTORY ; output_files                    ; --            ; --          ; --         ;
+--------------------------+---------------------------------+---------------+-------------+------------+


+-------------------------------------------------------------------------------------------------------------------------------+
; Flow Elapsed Time                                                                                                             ;
+---------------------------+--------------+-------------------------+---------------------+------------------------------------+
; Module Name               ; Elapsed Time ; Average Processors Used ; Peak Virtual Memory ; Total CPU Time (on all processors) ;
+---------------------------+--------------+-------------------------+---------------------+------------------------------------+
; Analysis & Synthesis      ; 00:00:09     ; 1.0                     ; 347 MB              ; 00:00:03                           ;
; Fitter                    ; 00:00:06     ; 1.0                     ; 332 MB              ; 00:00:04                           ;
; Assembler                 ; 00:00:02     ; 1.0                     ; 304 MB              ; 00:00:01                           ;
; TimeQuest Timing Analyzer ; 00:00:07     ; 1.0                     ; 299 MB              ; 00:00:03                           ;
; Total                     ; 00:00:24     ; --                      ; --                  ; 00:00:11                           ;
+---------------------------+--------------+-------------------------+---------------------+------------------------------------+


+----------------------------------------------------------------------------------------+
; Flow OS Summary                                                                        ;
+---------------------------+------------------+-----------+------------+----------------+
; Module Name               ; Machine Hostname ; OS Name   ; OS Version ; Processor type ;
+---------------------------+------------------+-----------+------------+----------------+
; Analysis & Synthesis      ; Andrew-PC        ; Windows 7 ; 6.2        ; i1686          ;
; Fitter                    ; Andrew-PC        ; Windows 7 ; 6.2        ; i1686          ;
; Assembler                 ; Andrew-PC        ; Windows 7 ; 6.2        ; i1686          ;
; TimeQuest Timing Analyzer ; Andrew-PC        ; Windows 7 ; 6.2        ; i1686          ;
+---------------------------+------------------+-----------+------------+----------------+


------------
; Flow Log ;
------------
quartus_map --read_settings_files=on --write_settings_files=off Z80-processor-DMA -c Z80-processor-DMA
quartus_fit --read_settings_files=off --write_settings_files=off Z80-processor-DMA -c Z80-processor-DMA
quartus_asm --read_settings_files=off --write_settings_files=off Z80-processor-DMA -c Z80-processor-DMA
quartus_sta Z80-processor-DMA -c Z80-processor-DMA



