     1                                  ;;;;;;;;;;;;;;;;;;;;;;;;;;;;;;;;;;;;;;;;;;;;;;;;;;;;;;;;;;;;;;;;;;;;;;;;;
     2                                  ; IDE.ASM -- Fixed Disk [IDE] driver dispatcher
     3                                  ;;;;;;;;;;;;;;;;;;;;;;;;;;;;;;;;;;;;;;;;;;;;;;;;;;;;;;;;;;;;;;;;;;;;;;;;;
     4                                  ;
     5                                  ;   This version is for assembly by  NASM 0.98.39 or later
     6                                  ;
     7                                  ; Copyright (c) 2013 John R. Coffman.  All rights reserved.
     8                                  ; Provided for hobbyist use on the N8VEM SBC-188 board.
     9                                  ;
    10                                  ; This program is free software: you can redistribute it and/or modify
    11                                  ; it under the terms of the GNU General Public License as published by
    12                                  ; the Free Software Foundation, either version 3 of the License, or
    13                                  ; (at your option) any later version.
    14                                  ;
    15                                  ; This program is distributed in the hope that it will be useful,
    16                                  ; but WITHOUT ANY WARRANTY; without even the implied warranty of
    17                                  ; MERCHANTABILITY or FITNESS FOR A PARTICULAR PURPOSE.  See the
    18                                  ; GNU General Public License for more details.
    19                                  ;
    20                                  ; You should have received a copy of the GNU General Public License
    21                                  ; along with this program.  If not, see <http://www.gnu.org/licenses/>.
    22                                  ; Updated for the Duodyne 80c188 SBC
    23                                  ;;;;;;;;;;;;;;;;;;;;;;;;;;;;;;;;;;;;;;;;;;;;;;;;;;;;;;;;;;;;;;;;;;;;;;;;;
    24                                  %include	"config.asm"
    25                              <1> ;/*
    26                              <1> ;;;;;;;;;;;;;;;;;;;;;;;;;;;;;;;;;;;;;;;;;;;;;;;;;;;;;;;;;;;;;;;;;;;;;;;;;
    27                              <1> ; ANSI.CFG
    28                              <1> ;   Copied to CONFIG.ASM for general release.
    29                              <1> ;
    30                              <1> ;       Modify the parameters below to reflect your system
    31                              <1> ;
    32                              <1> ;
    33                              <1> ;   This version is for assembly by  NASM 0.98.39 or later
    34                              <1> ;
    35                              <1> ;   Copyright (C) 2010,2011 John R. Coffman.  All rights reserved.
    36                              <1> ;   Provided for hobbyist use on the N8VEM SBC-188 board.
    37                              <1> ;;;;;;;;;;;;;;;;;;;;;;;;;;;;;;;;;;;;;;;;;;;;;;;;;;;;;;;;;;;;;;;;;;;;;;;;;
    38                              <1> ;
    39                              <1> ; Define the serial terminal that the Video BIOS must emulate
    40                              <1> ; Set one of the following to 1
    41                              <1> ; If you have no idea what to choose, set TTY to 1
    42                              <1> TTY     equ     0       ; hardcopy -- cannot position the cursor
    43                              <1> DUMB    equ     0       ; dumb CRT -- ^H, ^J, ^K, ^L can move the cursor
    44                              <1> ANSI    equ     1       ; very smart, like a VT-100
    45                              <1> WYSE    equ     0       ; very smart Wyse series (30, 50, ...)
    46                              <1> ; others may get added in the future
    47                              <1> ;  ONE OF THE ABOVE must BE SET TO 1!!!!!
    48                              <1> ;
    49                              <1> ; Define the UART startup bit rate - 1200-19200 are most common
    50                              <1> ;UART_RATE	equ	0		; 1200
    51                              <1> ;UART_RATE	equ	1		; 2400
    52                              <1> ;UART_RATE	equ	2		; 4800
    53                              <1> UART_RATE	equ	3		; 9600
    54                              <1> ;UART_RATE	equ	4		; 19200
    55                              <1> ;UART_RATE	equ	5		; 38400
    56                              <1> ;UART_RATE	equ	6		; 57600
    57                              <1> ;UART_RATE	equ	7		; 115200
    58                              <1> 
    59                              <1> ; Does the serial terminal use the DSR/DTR protocol for flow control?
    60                              <1> ;UART_DSR_PROTOCOL	equ		1	; Yes!
    61                              <1> UART_DSR_PROTOCOL       equ             WYSE    ; Wyse always uses it
    62                              <1> 						; but not ANSI
    63                              <1> ; Define the size of the ROM image on the system in Kilobytes
    64                              <1> ; It may be smaller than the actual EPROM in use.
    65                              <1> ; The following sizes are supported:  32, 64, 128, and 256
    66                              <1> %ifndef ROM
    67                              <1> ROM             equ     32              ; 64 is the default
    68                              <1> %endif
    69                              <1> 
    70                              <1> ; Define the number of Wait States at which the ROM operates
    71                              <1> ROM_WS          equ     1               ; 0..3  (1 is the default)
    72                              <1> 
    73                              <1> ; Define the size in Kilobytes of DOS RAM (low SRAM plus EMM allocate RAM)
    74                              <1> ; This is a desired size and will only be present if a 4MEM board is added
    75                              <1> RAM_DOS         equ     640
    76                              <1> 
    77                              <1> ; Define the size of the low SRAM on the system in Kilobytes
    78                              <1> ; the default is 512 kilobytes
    79                              <1> RAM             equ     512             ; (512 is the default)
    80                              <1> 
    81                              <1> ; Define the number of Wait States at which the RAM operates
    82                              <1> RAM_WS          equ     0               ; 0..3  (0 is the default)
    83                              <1> 
    84                              <1> ; Define the number of Wait States for Local Peripheral devices (600-7FF)
    85                              <1> LCL_IO_WS       equ     1               ; 0..3  (1 is the default)
    86                              <1> 
    87                              <1> ; Define the number of Wait States for ECB BUS peripheral devices (4xx)
    88                              <1> BUS_IO_WS       equ     3               ; 0..3  (3 is the default)
    89                              <1> 
    90                              <1> ; Define the time zone in which we build the Relocatable BIOS
    91                              <1> %ifndef TIMEZONE
    92                              <1> %define TIMEZONE "CST"
    93                              <1> %endif
    94                              <1> 
    95                              <1> ; Has the REDBUG debugger been loaded?
    96                              <1> %ifndef SOFT_DEBUG
    97                              <1> %define SOFT_DEBUG 0
    98                              <1> %endif
    99                              <1> 
   100                              <1> ; Should the BIOS include "Tiny BASIC" in the image?
   101                              <1> %ifndef TBASIC
   102                              <1> TBASIC          equ     1		; default is 1
   103                              <1> %endif
   104                              <1> 
   105                              <1> ; Should the BIOS include the Floating Point Emulator?  The 80188 does
   106                              <1> ; not allow a floating point co-processor, so this is probably a good idea.
   107                              <1> %ifndef FPEM
   108                              <1> FPEM            equ     1               ; default is 1
   109                              <1> %endif
   110                              <1> 
   111                              <1> ; Should the Floating Point Emulator use temporary storage in the EBDA
   112                              <1> ; or at locations 0280h..3FFh in low memory?
   113                              <1> %if SOFT_DEBUG
   114                              <1> FPEM_USE_EBDA   equ     FPEM            ; default is 0
   115                              <1> %else
   116                              <1> FPEM_USE_EBDA   equ     0; FPEM            ; default is 0
   117                              <1> %endif
   118                              <1> 
   119                              <1> ; Define the size of the EPROM that is to be installed on the system
   120                              <1> ; It may be larger than the actual ROM image to be generated.
   121                              <1> %ifndef CHIP
   122                              <1> CHIP            equ     64
   123                              <1> %endif
   124                              <1> 
   125                              <1> ; Define the UART oscillator speed
   126                              <1> UART_OSC        equ     1843200         ; 1.8432 Mhz is specified
   127                              <1> 
   128                              <1> 
   129                              <1> ;;;;;;;;;;;;;;;;;;;;;;;;;;;;;;;;;;;;;;;;;;;;;;;;;;;;;;;;;;;;;;;;;;;;;;;;
   130                              <1> ; end of the User configuration
   131                              <1> ;       Do Not modify anything below this point
   132                              <1> ;;;;;;;;;;;;;;;;;;;;;;;;;;;;;;;;;;;;;;;;;;;;;;;;;;;;;;;;;;;;;;;;;;;;;;;;
   133                              <1> 
   134                              <1> ; Define existence of any uart chip
   135                              <1> UART		equ	TTY+DUMB+ANSI+WYSE
   136                              <1> startuplength   equ     512                     ; may be up to 1024
   137                              <1> startseg        equ     0FFFFh - (ROM*64) + 1
   138                              <1> highrom         equ     (ROM*400h)&0FFFFh
   139                              <1> startupseg      equ     0FFFFh - (startuplength>>4) + 1
   140                              <1> bios_data_seg   equ     040h            ; segment of BIOS data area
   141                              <1> 
   142                              <1> 
   143                              <1> %define ARG(n) [bp+2+(n)*2]
   144                              <1> 
   145                              <1> %macro  check   1.nolist
   146                              <1>  %if (%1)
   147                              <1>    %error Check Failure: %1
   148                              <1>  %endif
   149                              <1> %endm
   150                              <1> %macro  range   3.nolist
   151                              <1>  %if (%1)<(%2)
   152                              <1>    %error Out of Range: %1
   153                              <1>  %elif (%1)>(%3)
   154                              <1>    %error Out of Range: %1
   155                              <1>  %endif
   156                              <1> %endm
   157                              <1> _terminal equ UART
   158                              <1>  check   RAM_DOS&15
   159                              <1>  check   RAM&(RAM-1)
   160                              <1>  check   ROM&(ROM-1)
   161                              <1>  range   RAM,32,512
   162                              <1>  range   ROM,32,256
   163                              <1>  range   RAM_WS,0,3
   164                              <1>  range   ROM_WS,0,3
   165                              <1>  range   RAM_DOS,RAM,(1024-ROM)
   166                              <1>  range   LCL_IO_WS,0,3
   167                              <1>  range   BUS_IO_WS,0,3
   168                              <1>  range   UART_OSC,500000,16000000
   169                              <1>  range   UART_RATE,0,7
   170                              <1>  range	 UART,0,1
   171                              <1>  range	 _terminal,1,2
   172                              <1> 
   173                              <1> %ifndef SOFT_DEBUG
   174                              <1> %define SOFT_DEBUG 0
   175                              <1> %endif
   176                              <1> 
   177                              <1> %ifndef TRACE
   178                              <1> %define TRACE 0
   179                              <1> %endif
   180                              <1> 
   181                              <1> %ifdef MAKE_OBJECT_FILE
   182                              <1>         segment _DATA WORD PUBLIC CLASS=DATA
   183                              <1>         export _ROMsize
   184                              <1>         export _CHIPsize
   185                              <1> _ROMsize        dw      ROM
   186                              <1> _CHIPsize       dw      CHIP
   187                              <1> %endif
   188                              <1> ; end of the Hardware configuration file
   189                              <1> ;;;;;;;;;;;;;;;;;;;;;;;;;;;;;;;;;;;;;;;;;;;;;;;;;;;;;;;;;;;;;;;;;;;;;;;;
   190                              <1> ;*/
    25                                  %include	"cpuregs.asm"
    26                              <1> ;;;;;;;;;;;;;;;;;;;;;;;;;;;;;;;;;;;;;;;;;;;;;;;;;;;;;;;;;;;;;;;;;;;;;;;;;
    27                              <1> ; CPUREGS.ASM
    28                              <1> ;;;;;;;;;;;;;;;;;;;;;;;;;;;;;;;;;;;;;;;;;;;;;;;;;;;;;;;;;;;;;;;;;;;;;;;;;
    29                              <1> ;
    30                              <1> ;   This version is for assembly by  NASM 0.98.39 or later
    31                              <1> ;
    32                              <1> ; Copyright (C) 2010,2011 John R. Coffman.  All rights reserved.
    33                              <1> ; Provided for hobbyist use on the N8VEM SBC-188 board.
    34                              <1> ;
    35                              <1> ; This program is free software: you can redistribute it and/or modify
    36                              <1> ; it under the terms of the GNU General Public License as published by
    37                              <1> ; the Free Software Foundation, either version 3 of the License, or
    38                              <1> ; (at your option) any later version.
    39                              <1> ;
    40                              <1> ; This program is distributed in the hope that it will be useful,
    41                              <1> ; but WITHOUT ANY WARRANTY; without even the implied warranty of
    42                              <1> ; MERCHANTABILITY or FITNESS FOR A PARTICULAR PURPOSE.  See the
    43                              <1> ; GNU General Public License for more details.
    44                              <1> ;
    45                              <1> ; You should have received a copy of the GNU General Public License
    46                              <1> ; along with this program.  If not, see <http://www.gnu.org/licenses/>.
    47                              <1> ;
    48                              <1> ; Updated for the Duodyne 80c188 SBC
    49                              <1> ;;;;;;;;;;;;;;;;;;;;;;;;;;;;;;;;;;;;;;;;;;;;;;;;;;;;;;;;;;;;;;;;;;;;;;;;;
    50                              <1> %include	"macros.inc"
    51                              <2> ;;;;;;;;;;;;;;;;;;;;;;;;;;;;;;;;;;;;;;;;;;;;;;;;;;;;;;;;;;;;;;;;;;;;;;;;;
    52                              <2> ; MACROS.INC  
    53                              <2> ;;;;;;;;;;;;;;;;;;;;;;;;;;;;;;;;;;;;;;;;;;;;;;;;;;;;;;;;;;;;;;;;;;;;;;;;;
    54                              <2> ;
    55                              <2> ;   This version is for assembly by  NASM 0.98.39 or later
    56                              <2> ;
    57                              <2> ; Copyright (C) 2010,2011 John R. Coffman.  All rights reserved.
    58                              <2> ; Provided for hobbyist use on the N8VEM SBC-188 board.
    59                              <2> ;
    60                              <2> ; This program is free software: you can redistribute it and/or modify
    61                              <2> ; it under the terms of the GNU General Public License as published by
    62                              <2> ; the Free Software Foundation, either version 3 of the License, or
    63                              <2> ; (at your option) any later version.
    64                              <2> ;
    65                              <2> ; This program is distributed in the hope that it will be useful,
    66                              <2> ; but WITHOUT ANY WARRANTY; without even the implied warranty of
    67                              <2> ; MERCHANTABILITY or FITNESS FOR A PARTICULAR PURPOSE.  See the
    68                              <2> ; GNU General Public License for more details.
    69                              <2> ;
    70                              <2> ; You should have received a copy of the GNU General Public License
    71                              <2> ; along with this program.  If not, see <http://www.gnu.org/licenses/>.
    72                              <2> ;
    73                              <2> ;;;;;;;;;;;;;;;;;;;;;;;;;;;;;;;;;;;;;;;;;;;;;;;;;;;;;;;;;;;;;;;;;;;;;;;;;
    74                              <2> 
    75                              <2> ; general macros for the SBC188 BIOS ASSEMBLY
    76                              <2> ;
    77                              <2> ;
    78                              <2> %ifndef __MACROS_DEFINED_
    79                              <2> %define __MACROS_DEFINED_ 1
    80                              <2> ;;;;;;;;;;;;;;;;;;;;;;;;;;;;;;;;;;;;;;;;;;;;;;;;;;;;;;;;;;;;;;;;;;;;;;;;;
    81                              <2> ;
    82                              <2> ; some useful macros:
    83                              <2> ;
    84                              <2> ;;;;;;;;;;;;;;;;;;;;;;;;;;;;;;;;;;;;;;;;;;;;;;;;;;;;;;;;;;;;;;;;;;;;;;;;;
    85                              <2> ;
    86                              <2> 	cpu	186
    87                              <2> 
    88                              <2> %imacro setloc  1.nolist
    89                              <2>  times   (%1-($-$$)) db 0FFh
    90                              <2> %endm
    91                              <2> 
    92                              <2> %imacro db_lo   1
    93                              <2>  db (%1)&255
    94                              <2> %endm
    95                              <2> 
    96                              <2> %imacro cnop    0.nolist
    97                              <2> %if SOFT_DEBUG
    98                              <2>         nop
    99                              <2> %endif
   100                              <2> %endm
   101                              <2> 
   102                              <2> %imacro popm 1-*.nolist
   103                              <2> %rep %0
   104                              <2> %ifidni %1,ALL
   105                              <2>  popa
   106                              <2> %elifidni %1,F
   107                              <2>  popf
   108                              <2> %else
   109                              <2>  pop %1
   110                              <2> %ifidni %1,DS
   111                              <2>  cnop
   112                              <2> %elifidni %1,ES
   113                              <2>  cnop
   114                              <2> %endif
   115                              <2> %endif
   116                              <2> %rotate 1
   117                              <2> %endrep
   118                              <2> %endm
   119                              <2> 
   120                              <2> %imacro pushm 1-*.nolist
   121                              <2> %rep %0
   122                              <2> %rotate -1
   123                              <2> %ifidni %1,ALL
   124                              <2>  pusha
   125                              <2> %elifidni %1,F
   126                              <2>  pushf
   127                              <2> %else
   128                              <2>  push %1
   129                              <2> %endif
   130                              <2> %endrep
   131                              <2> %endm
   132                              <2> 
   133                              <2> ;
   134                              <2> ; added from the 386EX project
   135                              <2> ;
   136                              <2> 
   137                              <2> ; call arguments
   138                              <2> %define ARG(n) [bp+2+(n)*2]
   139                              <2> 
   140                              <2> ;
   141                              <2> ; format of the BYTE initialization table:  address, byte
   142                              <2> ;
   143                              <2> %imacro  binit 2
   144                              <2>         dw      %1
   145                              <2>         db      %2
   146                              <2> %endmacro
   147                              <2> ; end with DW -1
   148                              <2> 
   149                              <2> ;
   150                              <2> ; format of the WORD initialization table:  address, word
   151                              <2> ;
   152                              <2> %imacro  winit 2
   153                              <2>         dw      %1
   154                              <2>         dw      %2
   155                              <2> %endmacro
   156                              <2> ; end with DW -1
   157                              <2> 
   158                              <2> 
   159                              <2> ; get the BIOS Data Area segment pointer to a [segment] register
   160                              <2> %imacro get_bda	1.nolist
   161                              <2> 	push	0x0040
   162                              <2> 	pop	%1
   163                              <2> 	cnop
   164                              <2> %endm
   165                              <2> 
   166                              <2> 
   167                              <2> %endif
    51                              <1> 
    52                              <1> 	cpu     186
    53                              <1> ;
    54                              <1> ;
    55                              <1> ; IBM model byte -- must be less than a 286
    56                              <1> ;
    57                              <1> 
    58                              <1> MODEL_BYTE		equ	0FEh	; PC-XT
    59                              <1> SUBMODEL_BYTE		equ	00h	;  "
    60                              <1> 
    61                              <1> 
    62                              <1> ; 80188 peripheral control register block address
    63                              <1> CPU_CSCR	        equ	0FF00h
    64                              <1> 
    65                              <1> ; Compatible Mode registers
    66                              <1> 
    67                              <1> cpu_relocation          equ     CPU_CSCR+0FEh
    68                              <1> 
    69                              <1> ; The memory and peripheral chip select register offsets from 0FF00h
    70                              <1> 
    71                              <1> cpu_umcs                equ     CPU_CSCR+0A0h          ; Upper memory select
    72                              <1> cpu_lmcs                equ     CPU_CSCR+0A2h          ; Lower memory select
    73                              <1> cpu_pacs                equ     CPU_CSCR+0A4h          ; Peripheral select
    74                              <1> cpu_mmcs                equ     CPU_CSCR+0A6h          ; Middle memory base
    75                              <1> cpu_mpcs                equ     CPU_CSCR+0A8h          ; Mid mem. & peripherals
    76                              <1> 
    77                              <1> ; Enhanced Mode registers
    78                              <1> 
    79                              <1> cpu_mdram               equ     CPU_CSCR+0E0h          ; memory partition reg.
    80                              <1> cpu_cdram               equ     CPU_CSCR+0E2h          ; clock prescaler
    81                              <1> cpu_edram               equ     CPU_CSCR+0E4h          ; Enable refresh reg.
    82                              <1> cpu_pdcon               equ     CPU_CSCR+0F0h          ; Power-Save control
    83                              <1> 
    84                              <1> 
    85                              <1> ; On-board internal peripheral equates
    86                              <1> ; Programmable Interrupt Controller
    87                              <1> PIC	        equ	CPU_CSCR+020H
    88                              <1> PIC_EOI	        equ	PIC+2           ; End Of Interrupt
    89                              <1> PIC_POLLR	equ	PIC+4
    90                              <1> PIC_POLLSR	equ	PIC+6
    91                              <1> PIC_IMASK	equ	PIC+8
    92                              <1> PIC_PMREG	equ	PIC+0AH
    93                              <1> PIC_SRVR	equ	PIC+0CH
    94                              <1> PIC_IRQR	equ	PIC+0EH
    95                              <1> PIC_IRQSR	equ	PIC+10H
    96                              <1> PIC_TCR	        equ	PIC+12H
    97                              <1> PIC_DMA0CR	equ	PIC+14H
    98                              <1> PIC_DMA1CR	equ	PIC+16H
    99                              <1> PIC_I0CON	equ	PIC+18H
   100                              <1> PIC_I1CON	equ	PIC+1AH
   101                              <1> PIC_I2CON	equ	PIC+1CH
   102                              <1> PIC_I3CON	equ	PIC+1EH
   103                              <1> 
   104                              <1> EOI_NSPEC       equ     8000h           ; Non-Specific EOI
   105                              <1> 
   106                              <1> ; Interrupt masks (Master Mode)
   107                              <1> ;
   108                              <1> mask_timer_all          equ     0001h
   109                              <1> mask_dma0               equ     0004h
   110                              <1> mask_dma1               equ     0008h
   111                              <1> mask_int0               equ     0010h
   112                              <1> mask_int1               equ     0020h
   113                              <1> mask_int2               equ     0040h
   114                              <1> mask_int3               equ     0080h
   115                              <1> 
   116                              <1> 
   117                              <1> 
   118                              <1> ; Timers
   119                              <1> TIM0	        equ	CPU_CSCR+050H
   120                              <1> TIM1	        equ	CPU_CSCR+058H
   121                              <1> TIM2	        equ	CPU_CSCR+060H
   122                              <1> 
   123                              <1> TCNT	        equ	0	; count register
   124                              <1> CMPA	        equ	2	; max count A
   125                              <1> CMPB	        equ	4	; max count B (not present on TIM2)
   126                              <1> TCON	        equ	6	; mode/control word
   127                              <1> 
   128                              <1> ; Timer control bits:
   129                              <1> tc_EN           equ     8000h   ; Enable bit
   130                              <1> tc_nINH         equ     4000h   ; not Inhibit Enable
   131                              <1> tc_INT          equ     2000h   ; Interrupt Enable
   132                              <1> tc_RIU          equ     1000h   ; Register A/B (0/1) in Use
   133                              <1> tc_MC           equ     0020h   ; Maximum Count reached
   134                              <1> tc_RTG          equ     0010h   ; Retrigger (internal source)
   135                              <1> tc_P            equ     0008h   ; Prescale internal clock (timers 0 & 1 only)
   136                              <1> tc_EXT          equ     0004h   ; External clock
   137                              <1> tc_ALT          equ     0002h   ; Alternate between A & B max count registers
   138                              <1> tc_CONT         equ     0001h   ; Continuous: continue after max count
   139                              <1> 
   140                              <1> 
   141                              <1> 
   142                              <1> 
   143                              <1> ; DMA
   144                              <1> DMA0	        equ	CPU_CSCR+0C0H
   145                              <1> DMA1	        equ	CPU_CSCR+0D0H
   146                              <1> DMASPL	        equ	0	; source pointer low
   147                              <1> DMASPU	        equ	2	; source pointer high
   148                              <1> DMADPL	        equ	4	; destination pointer low
   149                              <1> DMADPU	        equ	6	; destination pointer high
   150                              <1> DMATC	        equ	8	; terminal count
   151                              <1> DMACW	        equ	0AH	; control word
   152                              <1> 
   153                              <1> 
   154                              <1> 
   155                              <1> 
   156                              <1> 
   157                              <1> ;;;;;;;;;;;;;;;;;;;;;;;;;;;;;;;;;;;;;;;;;;;;;;;;;;;;;;;;;;;;;;;;;;;;;;;;;
   158                              <1> ;
   159                              <1> ;       SBC-188 external devices
   160                              <1> ;
   161                              <1> ;;;;;;;;;;;;;;;;;;;;;;;;;;;;;;;;;;;;;;;;;;;;;;;;;;;;;;;;;;;;;;;;;;;;;;;;;
   162                              <1> 
   163                              <1> IO_BASE			equ	0400h
   164                              <1> 
   165                              <1> 
   166                              <1> 
   167                              <1> ;;;;;;;;;;;;;;;;;;;;;;;;;;;;;;;;;;;;;;;;;;;;;;;;;;;;;;;;;;;;;;;;;;;;;;;;;
   168                              <1> ; The UART registers (Duodyne SBC 80c188 Console port)
   169                              <1> ;;;;;;;;;;;;;;;;;;;;;;;;;;;;;;;;;;;;;;;;;;;;;;;;;;;;;;;;;;;;;;;;;;;;;;;;;
   170                              <1> 
   171                              <1> uart_base               equ     IO_BASE+0280h
   172                              <1> uart_rbr                equ     uart_base       ;Rcvr Buffer / read only
   173                              <1> uart_thr                equ     uart_base       ;Transmit Holding / write only
   174                              <1> uart_ier                equ     uart_base+1     ;Interrupt Enable
   175                              <1> uart_iir                equ     uart_base+2     ;Interrupt Ident / read only
   176                              <1> uart_fcr                equ     uart_base+2     ;FIFO Control / write only
   177                              <1> uart_lcr                equ     uart_base+3     ;Line Control
   178                              <1> uart_mcr                equ     uart_base+4     ;Modem Control
   179                              <1> uart_lsr                equ     uart_base+5     ;Line Status
   180                              <1> uart_msr                equ     uart_base+6     ;Modem Status
   181                              <1> uart_sr			equ	uart_base+7	;Scratch
   182                              <1> 
   183                              <1> uart_dll                equ     uart_base       ;Divisor Latch LS Byte
   184                              <1> uart_dlm                equ     uart_base+1     ;Divisor Latch MS Byte
   185                              <1> 
   186                              <1> ;;;;;;;;;;;;;;;;;;;;;;;;;;;;;;;;;;;;;;;;;;;;;;;;;;;;;;;;;;;;;;;;;;;;;;;;;
   187                              <1> ; CONTROL LS259 PORT  (DuoDyne 80C188)
   188                              <1> ;;;;;;;;;;;;;;;;;;;;;;;;;;;;;;;;;;;;;;;;;;;;;;;;;;;;;;;;;;;;;;;;;;;;;;;;;
   189                              <1> CTRL259		equ	IO_BASE+0238H
   190                              <1> ; LEDS are at addresses 0..3
   191                              <1> ; other control ports on 4..7
   192                              <1> LED0		equ	CTRL259+0
   193                              <1> LED1		equ	LED0+1
   194                              <1> LED2		equ	LED0+2
   195                              <1> LED3		equ	LED0+3
   196                              <1> T1OSC18		equ	CTRL259+4	; ON=1.8432mhz, OFF="1" (for use of TIMER2)
   197                              <1> ;unused		equ	CTRL259+5
   198                              <1> ;unused		equ	CTRL259+6
   199                              <1> ;unused		equ	CTRL259+7
   200                              <1> 
   201                              <1> ;;;;;;;;;;;;;;;;;;;;;;;;;;;;;;;;;;;;;;;;;;;;;;;;;;;;;;;;;;;;;;;;;;;;;;;;;
   202                              <1> ; Front Panel Connector  (DuoDyne 80C188)
   203                              <1> ;;;;;;;;;;;;;;;;;;;;;;;;;;;;;;;;;;;;;;;;;;;;;;;;;;;;;;;;;;;;;;;;;;;;;;;;;
   204                              <1> FRONT_PANEL_LED	equ	IO_BASE+0230H
   205                              <1> 
   206                              <1> 
   207                              <1> 
   208                              <1> ;;;;;;;;;;;;;;;;;;;;;;;;;;;;;;;;;;;;;;;;;;;;;;;;;;;;;;;;;;;;;;;;;;;;;;;;;
   209                              <1> ; Floppy controller (Duodyne Disk IO)
   210                              <1> ;;;;;;;;;;;;;;;;;;;;;;;;;;;;;;;;;;;;;;;;;;;;;;;;;;;;;;;;;;;;;;;;;;;;;;;;;
   211                              <1> FDC	        equ	IO_BASE+0080H
   212                              <1> FDC_MSR         equ     FDC
   213                              <1> FDC_DATA        equ     FDC+1
   214                              <1> FDC_TC	        equ	FDC+2
   215                              <1> FDC_RES	        equ	FDC+3
   216                              <1> FDC_LDCR	equ	FDC+5
   217                              <1> FDC_LDOR	equ	FDC+6
   218                              <1> FDC_DACK        equ	FDC+6
   219                              <1> FDC_DACK_TC     equ     FDC+7
   220                              <1> 
   221                              <1> 
   222                              <1> ;;;;;;;;;;;;;;;;;;;;;;;;;;;;;;;;;;;;;;;;;;;;;;;;;;;;;;;;;;;;;;;;;;;;;;;;;
   223                              <1> ;DS1302 RTC (Duodyne Ram/ROM Card)
   224                              <1> ;;;;;;;;;;;;;;;;;;;;;;;;;;;;;;;;;;;;;;;;;;;;;;;;;;;;;;;;;;;;;;;;;;;;;;;;;
   225                              <1> RTC	equ	IO_BASE+0094H
   226                              <1> 
   227                              <1> ;;;;;;;;;;;;;;;;;;;;;;;;;;;;;;;;;;;;;;;;;;;;;;;;;;;;;;;;;;;;;;;;;;;;;;;;;
   228                              <1> ; PIO 82C55 I/O  (Duodyne Disk IO)
   229                              <1> ;;;;;;;;;;;;;;;;;;;;;;;;;;;;;;;;;;;;;;;;;;;;;;;;;;;;;;;;;;;;;;;;;;;;;;;;;
   230                              <1> PPI	        equ	IO_BASE+0088H
   231                              <1> 
   232                              <1> PIO_A	        equ	PPI+0	; (OUTPUT)
   233                              <1> PIO_B	        equ	PPI+1	; (INPUT)
   234                              <1> PIO_C	        equ	PPI+2	; (CENTRONICS control low nibble)
   235                              <1> PIO_CTRL	equ	PPI+3	; CONTROL BYTE PIO 82C55
   236                              <1> 
   237                              <1> portA           equ     PPI+0   ;
   238                              <1> portB           equ     PPI+1   ;
   239                              <1> portC           equ     PPI+2   ;
   240                              <1> 
   241                              <1> ; end CPUREGS.ASM
    26                                  %include	"equates.asm"
    27                              <1> ;========================================================================
    28                              <1> ; EQUATES.ASM -- Lots of Defintions for Relocatable BIOS
    29                              <1> ;========================================================================
    30                              <1> ;   for the N8VEM SBC-188 v.00.4 and 00.5
    31                              <1> ;
    32                              <1> ;   This version is for assembly by  NASM 0.98.39 or later
    33                              <1> ;
    34                              <1> ; Copyright (C) 2010 John R. Coffman.  All rights reserved.
    35                              <1> ; Provided for hobbyist use on the N8VEM SBC-188 board.
    36                              <1> ;
    37                              <1> ; This program is free software: you can redistribute it and/or modify
    38                              <1> ; it under the terms of the GNU General Public License as published by
    39                              <1> ; the Free Software Foundation, either version 3 of the License, or
    40                              <1> ; (at your option) any later version.
    41                              <1> ;
    42                              <1> ; This program is distributed in the hope that it will be useful,
    43                              <1> ; but WITHOUT ANY WARRANTY; without even the implied warranty of
    44                              <1> ; MERCHANTABILITY or FITNESS FOR A PARTICULAR PURPOSE.  See the
    45                              <1> ; GNU General Public License for more details.
    46                              <1> ;
    47                              <1> ; You should have received a copy of the GNU General Public License
    48                              <1> ; along with this program.  If not, see <http://www.gnu.org/licenses/>.
    49                              <1> ;
    50                              <1> ;========================================================================
    51                              <1> 
    52                              <1>         global  FPEM_segment
    53                              <1> 
    54                              <1> 
    55                              <1> %include "segdef.asm"
    56                              <2> ;========================================================================
    57                              <2> ; SEGDEF.ASM -- Lots of Defintions for Relocatable BIOS
    58                              <2> ;========================================================================
    59                              <2> ;   for the N8VEM SBC-188 v.00.4 and 00.5
    60                              <2> ;
    61                              <2> ;   This version is for assembly by  NASM 0.98.39 or later
    62                              <2> ;
    63                              <2> ; Copyright (C) 2010 John R. Coffman.  All rights reserved.
    64                              <2> ; Provided for hobbyist use on the N8VEM SBC-188 board.
    65                              <2> ;
    66                              <2> ; This program is free software: you can redistribute it and/or modify
    67                              <2> ; it under the terms of the GNU General Public License as published by
    68                              <2> ; the Free Software Foundation, either version 3 of the License, or
    69                              <2> ; (at your option) any later version.
    70                              <2> ;
    71                              <2> ; This program is distributed in the hope that it will be useful,
    72                              <2> ; but WITHOUT ANY WARRANTY; without even the implied warranty of
    73                              <2> ; MERCHANTABILITY or FITNESS FOR A PARTICULAR PURPOSE.  See the
    74                              <2> ; GNU General Public License for more details.
    75                              <2> ;
    76                              <2> ; You should have received a copy of the GNU General Public License
    77                              <2> ; along with this program.  If not, see <http://www.gnu.org/licenses/>.
    78                              <2> ;
    79                              <2> ;========================================================================
    80                              <2> 
    81                              <2> %ifndef __SEGDEF_
    82                              <2> %define __SEGDEF_
    83                              <2> 
    84                              <2> 	SEGMENT  _TEXT ALIGN=2 PUBLIC CLASS=CODE
    85                              <2>         SEGMENT  CONST ALIGN=2 PUBLIC CLASS=DATA
    86                              <2>         SEGMENT  CONST2 ALIGN=2 PUBLIC CLASS=DATA
    87                              <2> 	SEGMENT  _DATA ALIGN=16 PUBLIC CLASS=DATA
    88                              <2> 	SEGMENT  _BSS  ALIGN=2 PUBLIC CLASS=BSS
    89                              <2> ;;;        SEGMENT  _BASIC ALIGN=16 PUBLIC CLASS=BASIC
    90                              <2> 
    91                              <2> 	GROUP	DGROUP CONST CONST2 _DATA _BSS
    92                              <2> 
    93                              <2> %endif
    94                              <2> 
    56                              <1> %include "ascii.asm"
    57                              <2> ; ascii.asm
    58                              <2> ;
    59                              <2> CTRL            equ     1Fh     ; masks a character to CTRL-x
    60                              <2> 
    61                              <2> NUL     equ     00h
    62                              <2> BEL     equ     (CTRL & 'G')
    63                              <2> BS      equ     08h		; ^H
    64                              <2> HT      equ     09h		; ^I
    65                              <2> LF	equ	0Ah		; ^J
    66                              <2> NL      equ     LF
    67                              <2> VT	equ	0Bh		; ^K
    68                              <2> FWD	equ	0Ch		; ^L
    69                              <2> CR	equ	0Dh
    70                              <2> XON     equ     (CTRL & 'Q')
    71                              <2> XOFF    equ     (CTRL & 'S')
    72                              <2> DC1     equ     XON
    73                              <2> DC3     equ     XOFF
    74                              <2> ESC     equ	1Bh
    75                              <2> 
    76                              <2> 
    57                              <1> 
    58                              <1> 
    59                              <1> ; POST error codes. Presently one byte but can expand to word.
    60                              <1> ER_BIOS equ	01h		; Bad ROM bios checksum, patch last byte
    61                              <1> ER_RAM	equ	02h		; Bad RAM in main memory, replace
    62                              <1> ER_CRT	equ	04h		; Bad RAM in video card, replace
    63                              <1> ER_FDC	equ	08h		; Bad FDC
    64                              <1> ER_UNK1	equ	10h		; {unassigned}
    65                              <1> ER_MEM	equ	20h		; Bad RAM in vector area, replace
    66                              <1> ER_ROM	equ	40h		; Bad ROM in expansion area, bad checksum
    67                              <1> ER_UNK2	equ	80h		; {unassigned}
    68                              <1> 
    69                              <1> 
    70                              <1> 
    71                              <1> ;; ************************ BIOS Data Segment ******************************
    72                              <1> ;; BIOS data segment - not all will  be used
    73                              <1> ;                struc   BIOS_DATA_AREA  ; at 0040:0000
    74                              <1> %include "bda.inc"
    75                              <2> ;/*======================================================================
    76                              <2> ; bda.inc -- BIOS data area definitions
    77                              <2> ;========================================================================
    78                              <2> ;   for the N8VEM SBC-188
    79                              <2> ;
    80                              <2> ;   This version is for assembly by  NASM 0.98.39 or later
    81                              <2> ;
    82                              <2> ; Copyright (C) 2013 John R. Coffman.  All rights reserved.
    83                              <2> ; Provided for hobbyist use on the N8VEM SBC-188 board.
    84                              <2> ;
    85                              <2> ; This program is free software: you can redistribute it and/or modify
    86                              <2> ; it under the terms of the GNU General Public License as published by
    87                              <2> ; the Free Software Foundation, either version 3 of the License, or
    88                              <2> ; (at your option) any later version.
    89                              <2> ;
    90                              <2> ; This program is distributed in the hope that it will be useful,
    91                              <2> ; but WITHOUT ANY WARRANTY; without even the implied warranty of
    92                              <2> ; MERCHANTABILITY or FITNESS FOR A PARTICULAR PURPOSE.  See the
    93                              <2> ; GNU General Public License for more details.
    94                              <2> ;
    95                              <2> ; You should have received a copy of the GNU General Public License
    96                              <2> ; along with this program.  If not, see <http://www.gnu.org/licenses/>.
    97                              <2> ;
    98                              <2> ;========================================================================
    99                              <2> 
   100                              <2> 			;*/ extern				/*
   101                              <2> 	ABSOLUTE  0	;*/ struct BDA {			/*
   102 00000000 ????????????????    <2> serial_ports    resw    4	;*/	word	serial_ports[4];	/*
   103 00000008 ????????????????    <2> parallel_ports  resw    4	;*/	word	parallel_ports[4];	/*
   104 00000010 ????                <2> equipment_flag  resw    1	;*/	EQFL	equipment_flag;		/*
   105                              <2> ;	dw	?		; 40:10 	; Equipment present word
   106                              <2> ;  						;  = (1 iff floppies) *     1.
   107                              <2> ;                                               ;  + (1 iff 187     ) *     2.
   108                              <2> ;  						;  + (#+1 64K sys ram) *    4.
   109                              <2> ;  						;  + (init crt mode ) *    16.
   110                              <2> ;  						;  + (# of floppies ) *    64.
   111                              <2> ;  						;  + (# serial ports) *   512.
   112                              <2> ;  						;  + (1 iff toy port) *  4096.
   113                              <2> ;                                               ;  + (1 iff modem   ) *  8192.
   114                              <2> ;  						;  + (# parallel LPT) * 16384.
   115 00000012 ??                  <2> mfg_test_flags  resb    1	;*/	byte	mfg_test_flags;	/* 40:12 unused by us
   116 00000013 ????                <2> memory_size     resw    1	;*/	word	memory_size;	/* 40:13 kilobytes
   117                              <2> uart_kbd_ctrl_R	equ	$	;*/				/*** JRC: count of ctrl-R's for reboot
   118 00000015 ??                  <2> IPL_errors      resb    1	;*/	byte	IPL_errors;	/* 40:15 IPL errors<-table/scratchpad
   119 00000016 ??                  <2> sbc188_rev       resb    1	;*/	byte	sbc188_rev;	/* was 'unused_01' before BIOS047
   120                              <2> ;;---------------[Keyboard data area]------------;
   121 00000017 ????                <2> keyboard_flags_0 resw   1	;*/	word	keyboard_flags_0;  /* 40:17 Shift/Alt/etc. keyboard flags
   122                              <2> keyboard_flags_1 equ	$-1	;     2nd byte	keyboard_flags_1;  
   123 00000019 ??                  <2> keypad_char	resb	1	;*/	byte	keypad_char;	/* 40:19 Alt-KEYPAD char. goes here
   124 0000001A ????                <2> kbd_buffer_head resw    1	;*/	word	kbd_buffer_head;   /* 40:1A --> keyboard buffer head
   125 0000001C ????                <2> kbd_buffer_tail resw    1	;*/	word	kbd_buffer_tail;   /* 40:1C --> keyboard buffer tail
   126 0000001E <res 20h>           <2> kbd_buffer      resw    16	;*/	word	kbd_buffer[16];	/* 40:1E Keyboard Buffer (Scan,Value)
   127                              <2> kbd_buffer_last	equ	$	;*/				/*
   128                              <2> ;;---------------[Diskette data area]------------;
   129 0000003E ??                  <2> fdc_drv_calib   resb    1	;*/	byte	fdc_drive_calib;   /* 40:3E
   130 0000003F ??                  <2> fdc_motor_LDOR  resb    1	;*/	byte	fdc_motor_LDOR;	   /* 40:3F Motor, DMA, select control
   131 00000040 ??                  <2> fdc_motor_ticks resb    1	;*/	byte	fdc_motor_ticks;   /* 40:40 ticks til motor off
   132 00000041 ??                  <2> fdc_status      resb    1	;*/	byte	fdc_status;	   /* 40:41
   133                              <2> ;				Floppy return code stat byte
   134                              <2> ;				;  1 = bad ic 765 command req.
   135                              <2> ;				;  2 = address mark not found
   136                              <2> ;				;  3 = write to protected disk
   137                              <2> ;				;  4 = sector not found
   138                              <2> ;				;  8 = data late (DMA overrun)
   139                              <2> ;				;  9 = DMA failed 64K page end
   140                              <2> ;				; 16 = bad CRC on floppy read
   141                              <2> ;				; 32 = bad NEC 765 controller
   142                              <2> ;				; 64 = seek operation failed
   143                              <2> ;				;128 = disk drive timed out
   144 00000042 ??????????????      <2> fdc_ctrl_status resb    7	;*/	byte	fdc_ctrl_status[7];  /* 40:42 Status bytes from NEC 765
   145                              <2> ;;---------------[Video display area]------------;
   146 00000049 ??                  <2> video_mode      resb    1	;*/	byte	video_mode;	/* 40:49
   147                              <2> ;			 	; Current CRT mode  (software)
   148                              <2> ;				;  0 = 40 x 25 text (no color)
   149                              <2> ;				;  1 = 40 x 25 text (16 color)
   150                              <2> ;				;  2 = 80 x 25 text (no color)
   151                              <2> ;				;  3 = 80 x 25 text (16 color)
   152                              <2> ;				;  4 = 320 x 200 grafix 4 color
   153                              <2> ;				;  5 = 320 x 200 grafix 0 color
   154                              <2> ;				;  6 = 640 x 200 grafix 0 color
   155                              <2> ;				;  7 = 80 x 25 text (mono card)
   156 0000004A ????                <2> video_columns   resw    1	;*/	word video_columns;	/* 40:4A Columns on CRT screen
   157 0000004C ????                <2> video_regen_bytes  resw 1	;*/	word video_regen_bytes;	/* 40:4C Bytes in the regen region
   158 0000004E ????                <2> video_regen_offset resw 1	;*/	word video_regen_offset;/* 40:4E Byte offset in regen region
   159 00000050 <res 10h>           <2> video_cursor_pos  resw  8	;*/	word video_cursor_pos[8];  /* 40:50 Cursor pos for up to 8 pages
   160 00000060 ????                <2> video_cursor_mode resw  1	;*/	word video_cursor_mode;	/* 40:60 Current cursor mode setting
   161 00000062 ??                  <2> video_page      resb    1	;*/	byte video_page;	/* 40:62 Current page on display
   162 00000063 ????                <2> video_base_seg  resw    1	;*/	word video_base_seg;	/* 40:63 Base address (B000h or B800h)
   163 00000065 ??                  <2> video_hw_mode   resb    1	;*/	byte video_hw_mode;	/* 40:65 ic 6845 mode reg. (hardware)
   164 00000066 ??                  <2> video_cga_palette resb  1	;*/	byte video_cga_palette;	/* 40:66 Current CGA palette
   165                              <2> ;;---------------[Used to setup ROM]-------------;
   166 00000067 ????????            <2> eprom_address   resd    1	;*/	dword eprom_address;	/* 40:67 Eprom base Offset,Segment
   167 0000006B ??                  <2> spurious_irq    resb    1	;*/	byte spurious_irq;	/* 40:6B Last spurious interrupt IRQ
   168                              <2> ;;---------------[Timer data area]---------------;
   169 0000006C ????????            <2> timer_ticks     resd    1	;*/	dword timer_ticks;	/* 40:6C Ticks since midnight (lo,hi)
   170 00000070 ??                  <2> timer_new_day   resb    1	;*/	byte timer_new_day;	/* 40:70 Non-zero if new day
   171                              <2> ;;---------------[System data area]--------------;
   172 00000071 ??                  <2> break_flag      resb    1	;*/	byte break_flag;	/* 40:71 Sign bit set iff break
   173 00000072 ????                <2> warm_boot       resw    1	;*/	word warm_boot;		/* 40:72 Warm boot iff==1234h
   174                              <2> ;;---------------[Hard disk scratchpad]----------;
   175 00000074 ????????            <2> hdd_scratch     resd    1	;*/	word hdd_scratch[2];	/* 40:74
   176                              <2> ;;---------------[Timout areas/PRT/LPT]----------;
   177 00000078 ????????            <2> lpt_timeout     resb    4	;*/	byte lpt_timeout[4];	/* 40:78 Ticks for LPT 1-4 timeouts
   178 0000007C ????????            <2> com_timeout     resb    4	;*/	byte com_timeout[4];	/* 40:7C Ticks for COM 1-4 timeouts
   179                              <2> ;;---obsolete----[Keyboard buf start/end]---jrc--;
   180 00000080 ????                <2> kbd_buffer_start resw   1	;*/	word kbd_buffer_start;	/* 40:80 KBD buffer head (PC/AT)
   181 00000082 ????                <2> kbd_buffer_end  resw    1	;*/	word kbd_buffer_end;	/* 40:82 KBD buffer tail (PC/AT)
   182                              <2> ;;---------------[EGA stuff]---------------------;
   183 00000084 ??????????????      <2> EGA_stuff	resb	7	;*/	byte EGA_stuff[7];	/* 40:84 Unspecified EGA data
   184                              <2> ;;---------------[Floppy/Fixed Media Info]-------------;
   185 0000008B ??                  <2> fdc_last_rate	resb	1	;*/	byte fdc_last_rate;	/* 40:8B Last floppy step rate/data rate?
   186 0000008C ????????            <2> fx_misc_unused	resb	4	;*/	byte fx_misc_unused[4];	/* 40:8C Fixed disk miscellaneous ???
   187 00000090 ????                <2> fdc_disk_state	resb	2	;*/	byte fdc_disk_state[2];	/* 40:90 Floppy disk state
   188 00000092 ????                <2> fdc_op_start	resb	2	;*/	byte fdc_op_start[2];	/* 40:92 Floppy operation start state machine
   189 00000094 ????                <2> fdc_cylinder	resb	2	;*/	byte fdc_cylinder[2];	/* 40:94 Floppy present cylinder
   190                              <2> ;;---------------[Additional KBD flags]----------------;
   191 00000096 ??                  <2> kbd_flag_3	resb	1	;*/	byte kbd_flag_3;	/* 40:96 kbd ???
   192 00000097 ??                  <2> kbd_flag_2	resb	1	;*/	byte kbd_flag_2;	/* 40:97 kbd ???
   193                              <2> ;;---------------[RTC/timer1 data]---------------------;
   194 00000098 ????????            <2> user_semaphore	resw	2	;*/	byte *user_semaphore;	/* 40:98 User semaphore in (bit 7)
   195 0000009C ????????            <2> rtc_count	resd	1	;*/	dword rtc_count;	/* 40:9C RTC tick counter
   196 000000A0 ??                  <2> rtc_wait_active	resb	1	;*/	byte rtc_wait_active;	/* 40:A0 Busy=01, Posted=80h, 
   197                              <2> ;;---------------[Cassette I/O stuff]------------------;
   198 000000A1 ??                  <2> last_val	resb	1	;*/	byte last_val;		/* 40:A1 Last byte read value
   199 000000A2 ????                <2> crc_reg		resw	1	;*/	word crc_reg;		/* 40:A2 CRC accumulation area
   200                              <2> ;									Post Acknowleged=00;
   201 000000A4 ??                  <2> EGA_data	resb	1	;*/	byte EGA_data;		/* 40:A4 Various usage
   202 000000A5 ????                <2> SDstatus	resb	2	;*/	byte SDstatus[2];	/* 40:A5 Status byte from command
   203 000000A7 ????                <2> SDcardtype	resb	2	;*/	byte SDcardtype[2];	/* 40:A7 SDcard type SDSC=2, HC=3, ...
   204                              <2> ;
   205 000000A9 ????????            <2> fixed_disk_tab	resb	4	;*/	byte fixed_disk_tab[4];	/* dispatch table to fixed disk drivers
   206 000000AD ??                  <2> wait12_count	resb	1	;*/	byte wait12_count;	/* 40:AD 12usec CX count
   207 000000AE ??                  <2> lock_count	resb	1	;*/	byte lock_count;	/* 40:AE lock level counter
   208 000000AF ??                  <2> EMS_start       resb    1	;*/	byte EMS_start;		/* start EMS allocation from here
   209                              <2> fx80		equ	$	;*/	struct EDD_disk fx80;	/* fixed disk parameter area 0
   210 000000B0 ????                <2> fx_log_cylinders resw   1	;	word fx_log_cylinders;	 logical number of cylinders
   211 000000B2 ??                  <2> fx_log_heads    resb    1	;	byte fx_log_heads;	 logical number of heads
   212 000000B3 ??                  <2> fx_signature	resb	1	;	byte fx_signature;	 A0h signature = translated geom
   213 000000B4 ??                  <2> fx_phys_sectors	resb    1       ;	byte fx_phys_sectors;	 physical number of sectors per track
   214 000000B5 ????                <2> fx_LBA_high     resw    1       ;	word fx_LBA_high;	 high word of LBA28 number of sectors
   215 000000B7 ??                  <2> fx_reserved	resb	1	;	byte fx_reserved;	 reserved for future use
   216 000000B8 ??                  <2> fx_drive_control resb   1       ;	byte fx_drive_control;	 flag bits for IDE head register
   217 000000B9 ????                <2> fx_phys_cylinders resw	1	;	word fx_phys_cylinders;	 physical number of cylinders
   218 000000BB ??                  <2> fx_phys_heads	resb	1	;	byte fx_phys_heads;	 physical number of heads
   219 000000BC ????                <2> fx_LBA_low	resw	1	;	word fx_LBA_low;	 low word of LBA28 number of sectors
   220 000000BE ??                  <2> fx_log_sectors	resb	1	;	byte fx_log_sectors;	 logical number of sectors per track
   221 000000BF ??                  <2> fx_checksum	resb	1	;	byte fx_checksum;	 checksum, dunno how to compute
   222 000000C0 <res 10h>           <2> fx81            resb    16	;*/	struct EDD_disk fx81;	/* fixed disk parameter area 1
   223 000000D0 <res 10h>           <2> fx82            resb    16	;*/	struct EDD_disk fx82;	/* fixed disk parameter area 2
   224 000000E0 <res 10h>           <2> fx83            resb    16	;*/	struct EDD_disk fx83;	/* fixed disk parameter area 3
   225                              <2> ;
   226                              <2> ;
   227                              <2> 
   228 000000F0 ????                <2> FPEM_segment    resw    1       ;*/	word FPEM_segment;	/* FPEM data segment
   229                              <2> 
   230 000000F2 ????                <2> EBDA_paragraph  resw    1       ;*/	word EBDA_paragraph;	/* lowest EBDA paragraph
   231                              <2> 
   232 000000F4 ????                <2> dma0_cw         resw    1       ;*/	word dma0_cw;		/* end of dma control word
   233 000000F6 ????                <2> dma1_cw         resw    1       ;*/	word dma1_cw;		/*   ditto
   234                              <2> 
   235 000000F8 ????                <2> fdc_type	resb	2	;*/	byte fdc_type[2];	/* disk type in low nibble, alternate in hi nib 
   236                              <2> 
   237 000000FA ????????            <2> debug_static_ptr  resw	2	;*/	void *debug_static_ptr;	/* pointer to debug static area
   238                              <2> 
   239 000000FE ??                  <2> n_fixed_disks   resb    1       ;*/	byte n_fixed_disks;	/* number of fixed disks
   240                              <2> 
   241 000000FF ??                  <2> cpu_xtal        resb    1       ;*/	byte cpu_xtal;		/* CPU crystal frequency in Mhz 
   242                              <2> ;								   CPU clock is half of this
   243                              <2> ;;;;;;;;;;;;;;;;;;;;;;;;;;;;;;;;;;;;;;;;;;;;;;;;;;;;;;;;;;;;;;;;;;;;;;;;;;;;
   244                              <2> ;
   245                              <2> ;  System configuration stuff below
   246                              <2> ;	c.f., CONFIG.ASM (ANSI.CFG, CVDU.CFG, etc.), User configuration stuff
   247                              <2> ;;;;;;;;;;;;;;;;;;;;;;;;;;;;;;;;;;;;;;;;;;;;;;;;;;;;;;;;;;;;;;;;;;;;;;;;;;;;
   248                              <2> %if 0				;*/
   249                              <2> #define FIXED_DISK_MAX 4		/*
   250                              <2> %else
   251                              <2> %define FIXED_DISK_MAX 4
   252                              <2> %endif
   253                              <2> %if 0				;*/
   254                              <2> #define PPIDE_driver 1		/*
   255                              <2> %else
   256                              <2> %define PPIDE_driver 1
   257                              <2> %endif
   258                              <2> %if 0				;*/
   259                              <2> #define DIDE_driver 0		/*
   260                              <2> %else
   261                              <2> %define DIDE_driver 0
   262                              <2> %endif
   263                              <2> %if 0				;*/
   264                              <2> #define DISKIO_driver 1		/*
   265                              <2> %else
   266                              <2> %define DISKIO_driver 1
   267                              <2> %endif
   268                              <2> %if 0				;*/
   269                              <2> #define MFPIC_driver 1		/*
   270                              <2> %else
   271                              <2> %define MFPIC_driver 1
   272                              <2> %endif
   273                              <2> %if 0				;*/
   274                              <2> #define DSD_driver 1		/*
   275                              <2> %else
   276                              <2> %define DSD_driver 1
   277                              <2> %endif
   278                              <2> %if 0				;*/
   279                              <2> #define V3IDE8_driver (SBC188==3)		/*
   280                              <2> %else
   281                              <2> %define V3IDE8_driver (SBC188==3)
   282                              <2> %endif
   283                              <2> 				;*/
    75                              <1> 
    76                              <1> ;  this must be the same in EQUATES.H */
    77                              <1> %if SOFT_DEBUG
    78                              <1> %define NBREAK  8
    79                              <1> %endif
    80                              <1> 
    81                              <1> 
    82                              <1> %if 0
    83                              <1>         segment _TEXT
    84                              <1> ;; *************************************************************************
    85                              <1> 
    86                              <1> 
    87                              <1> 
    88                              <1> 
    89                              <1> ;; ************************ DOS Data Segment *******************************
    90                              <1> ;dosdir	SEGMENT at 50h				; Boot disk directory from IPL
    91                              <1> ;xerox	label	byte				;  0 if Print Screen idle
    92                              <1> ;						;  1 if PrtSc xeroxing screen
    93                              <1> ;						;255 if PrtSc error in xerox
    94                              <1> ;						;  ...non-grafix PrtSc in bios
    95                              <1> ;	db	200h dup(?)			; PC-DOS bootstrap procedure
    96                              <1> ;						;  ...IBMBIO.COM buffers the
    97                              <1> ;						;  ...directory of the boot
    98                              <1> ;						;  ...device here at IPL time
    99                              <1> ;						;  ...when locating the guts
   100                              <1> ;						;  ...of the operating system
   101                              <1> ;						;  ...filename "IBMDOS.COM"
   102                              <1> ;dosdir	ends
   103                              <1> ;; *************************************************************************
   104                              <1> ;; ************************ DOS IPL Segment ********************************
   105                              <1> ;dosseg	SEGMENT at 70h				; "Kernel" of PC-DOS op sys
   106                              <1> ;;IBMBIO.COM file loaded by boot block. Device Drivers/Bootstrap. CONTIGUOUS<---
   107                              <1> ;;IBMDOS.COM operating system nucleus immediately follows IBMBIO.COM and       !
   108                              <1> ;;     doesn`t have to be contiguous.  The IBMDOS operating system nucleus     !
   109                              <1> ;;     binary image is loaded by transient code in IBMBIO binary image	      !
   110                              <1> ;dosseg	ends					;			      !
   111                              <1> ;iplseg	SEGMENT at 0h				; Segment for boot block      !
   112                              <1> ;;The following boot block is loaded with 512 bytes on the first sector of     !
   113                              <1> ;;the bootable device by code resident in the ROM-resident bios.  Control is   !
   114                              <1> ;;then transferred to the first word 0000:7C00 of the disk-resident bootstrap  !
   115                              <1> ;	ORG	07C00h				;  ..offset for boot block    !
   116                              <1> ;boot	db	200h dup(?)			;  ..start disk resident boot--
   117                              <1> ;iplseg	ends
   118                              <1> 
   119                              <1> %endif
    27                                  %include	"disk.inc"
    28                              <1> ; disk.inc
    29                              <1> 
    30                              <1> 
    31                              <1> ; Standard int 13h stack frame layout is 
    32                              <1> ; created by:   PUSHM  ALL,DS,ES
    33                              <1> ;               MOV    BP,SP
    34                              <1> ;
    35                              <1> offset_DI       equ     0
    36                              <1> offset_SI       equ     offset_DI+2
    37                              <1> offset_BP       equ     offset_SI+2
    38                              <1> offset_SP       equ     offset_BP+2
    39                              <1> offset_BX       equ     offset_SP+2
    40                              <1> offset_DX       equ     offset_BX+2
    41                              <1> offset_CX       equ     offset_DX+2
    42                              <1> offset_AX       equ     offset_CX+2
    43                              <1> offset_DS       equ     offset_AX+2
    44                              <1> offset_ES       equ     offset_DS+2
    45                              <1> offset_IP       equ     offset_ES+2
    46                              <1> offset_CS       equ     offset_IP+2
    47                              <1> offset_FLAGS    equ     offset_CS+2
    48                              <1> 
    49                              <1> ; The byte registers in the stack
    50                              <1> offset_AL       equ     offset_AX
    51                              <1> offset_AH       equ     offset_AX+1
    52                              <1> offset_BL       equ     offset_BX
    53                              <1> offset_BH       equ     offset_BX+1
    54                              <1> offset_CL       equ     offset_CX
    55                              <1> offset_CH       equ     offset_CX+1
    56                              <1> offset_DL       equ     offset_DX
    57                              <1> offset_DH       equ     offset_DX+1
    58                              <1> 
    59                              <1> ; FDC error codes (returned in AH)
    60                              <1> ;
    61                              <1> ERR_no_error            equ     0       ; no error (return Carry clear)
    62                              <1> ;   everything below returns with the Carry set to indicate an error
    63                              <1> ERR_invalid_command     equ     1
    64                              <1> ERR_address_mark_not_found      equ     2
    65                              <1> ERR_write_protect       equ     3
    66                              <1> ERR_sector_not_found    equ     4
    67                              <1> ERR_disk_removed        equ     6
    68                              <1> ERR_dma_overrun         equ     8
    69                              <1> ERR_dma_crossed_64k     equ     9
    70                              <1> ERR_media_type_not_found        equ     12
    71                              <1> ERR_uncorrectable_CRC_error     equ     10h
    72                              <1> ERR_controller_failure  equ     20h
    73                              <1> ERR_seek_failed         equ     40h
    74                              <1> ERR_disk_timeout        equ     80h
    75                              <1> 
    76                              <1> 
    77                              <1> ; Packet call offsets
    78                              <1> ;
    79                              <1> pkt_size        equ     0       ; byte, size of packet (==16)
    80                              <1> pkt_reserved1   equ     1       ; byte, reserved, must be zero
    81                              <1> pkt_blocks      equ     2       ; byte, number of blocks to transfer
    82                              <1>                                 ; max is 127 (7Fh); 0 means no transfer
    83                              <1> pkt_reserved3   equ     3       ; byte; reserved, must be zero
    84                              <1> pkt_address     equ     4       ; dword; segment:offset of transfer
    85                              <1> pkt_LBA         equ     8       ; qword; LBA of transfer
    86                              <1> ; for convenience:
    87                              <1> pkt_LBA0        equ     8       ; word
    88                              <1> pkt_LBA1        equ     10      ; word
    89                              <1> pkt_LBA2        equ     12      ; word          ; MBZ
    90                              <1> pkt_LBA3        equ     14      ; word          ; MBZ
    91                              <1> 
    92                              <1> ; Parameter Packet returns:
    93                              <1> ;
    94                              <1> ;pkt_size       equ     0       ; word
    95                              <1> pkt_info        equ     2       ; word, information bits
    96                              <1>         ; bit   usage
    97                              <1>         ;  0    DMA boundary errors are handled transparently
    98                              <1>         ;  1    Geometry valid (bytes 8-12)
    99                              <1>         ;  2    Removable device (no)
   100                              <1>         ;  3    Supports Write with Verify (no)
   101                              <1>         ;  4    change line support (no)
   102                              <1>         ;  5    removable & lockable (no)
   103                              <1>         ;  6    max. geometry for a removable drive (no)
   104                              <1>         ;  7-15  MBZ
   105                              <1> pkt_phys_cyl    equ     4       ; dword, physical cylinders
   106                              <1> pkt_phys_hds    equ     8       ; dword, physical heads
   107                              <1> pkt_phys_spt    equ     12      ; dword, sectors per track
   108                              <1> pkt_sectors     equ     16      ; qword, total number of sectors
   109                              <1> pkt_bytes       equ     24      ; word, bytes per sector
   110                              <1> pkt_ptr         equ     26      ; dword, EDD configuration paramter pointer
   111                              <1>                                 ; FFFF:FFFF means invalid pointer
   112                              <1> 
   113                              <1> 
   114                              <1> 				
   115                              <1> ;------------------------------------------------------------------
   116                              <1> ;   Specific to the IDE drivers
   117                              <1> ; More symbolic constants... these should not be changed, unless of
   118                              <1> ; course the IDE drive interface changes, perhaps when drives get
   119                              <1> ; to 128G and the PC industry will do yet another kludge.
   120                              <1> 
   121                              <1> ;IDE Command Constants.  These should never change.
   122                              <1> ide_cmd_recal		equ	10H
   123                              <1> ide_cmd_read		equ	20H
   124                              <1> ide_cmd_write		equ	30H
   125                              <1> ide_cmd_init		equ	91H
   126                              <1> ide_cmd_dma_read	equ	0C8h
   127                              <1> ide_cmd_dma_write	equ	0CAh
   128                              <1> ide_cmd_spindown	equ	0E0h
   129                              <1> ide_cmd_spinup		equ	0E1h
   130                              <1> ide_cmd_ident		equ	0ECh
   131                              <1> ide_cmd_set_feature	equ	0EFh
   132                              <1> 
   133                              <1> 
   134                              <1> ; end disk.inc
   135                              <1> 
   136                              <1> 
    28                                  
    29                                  
    30                                  	SEGMENT		_TEXT
    31                                  
    32                                  	extern	BIOS_call_13h
    33                                  	global	FIXED_BIOS_call_13h
    34                                  FIXED_BIOS_call_13h:
    35 00000000 08D2                    	or	dl,dl			; test device code in DL
    36 00000002 7814                    	js	hard			; 80h is hard drive
    37 00000004 E9(0000)                	jmp	BIOS_call_13h		; 00,01 are floppy drives
    38                                  
    39 00000007 90                      	align	2
    40                                  ; driver dispatch table
    41                                  dispatch:
    42 00000008 [3700]                  	dw	FIXED_error	; NO_disk
    43 0000000A [0000]                  	dw	PPIDE_entry	; PPI_type
    44 0000000C [3700]                  	dw	DIDE0_entry	; DIDE0_type
    45 0000000E [3700]                  	dw	DIDE1_entry	; DIDE1_type
    46 00000010 [3700]                  	dw	DSD_entry	; DSD_type
    47 00000012 [3700]                  	dw	IDE8_entry	; V3IDE8 type
    48 00000014 [3700]                  	dw	DISKIO_entry	; DISKIO_type
    49 00000016 [3700]                  	dw	MFPIC_entry	; MFPIC_type
    50                                  n_dispatch	equ	$-dispatch-2
    51                                  
    52                                  hard:
    53 00000018 FB                      	sti			; common prefix code for all disk drivers
    54 00000019 061E60                          pushm   all,ds,es       ; Standard register save
    55 0000001C 89E5                            mov     bp,sp           ; establish stack addressing
    56 0000001E FC                              cld			; make no assumptions!
    57 0000001F 6A40                            push    bios_data_seg
    58 00000021 1F                              popm    ds              ; establish addressability
    59                                  ;------------------------------------------------------------------------
    60                                  ; Format of the "fixed_disk_tab" in the BIOS data area:
    61                                  ;	byte entries:   0000 ddds (binary)  ddd=driver number, s="secondary"
    62                                  ;------------------------------------------------------------------------
    63 00000022 88D3                    	mov	bl,dl		; drive number (80h..83h) to BL
    64 00000024 83E303                  	and	bx,FIXED_DISK_MAX-1	; mask device code
    65 00000027 8A9FA900                	mov	bl,[fixed_disk_tab+bx]	; get driver number from BIOS data area
    66 0000002B 83E30E                  	and	bx,0Eh		; mask driver number (all even)
    67 0000002E 2EFFA7[0800]              cs	jmp	near [dispatch+bx]
    68                                  
    69                                  
    70                                  
    71                                  	global	FIXED_timeout
    72                                  FIXED_timeout:
    73 00000033 B480                    	mov	ah,ERR_disk_timeout
    74 00000035 EB02                    	jmp	FIXED_exit_AH
    75                                  
    76                                  	global	FIXED_error, FIXED_exit_AH
    77                                  FIXED_error:
    78 00000037 B401                    	mov	ah,ERR_invalid_command
    79                                  FIXED_exit_AH:
    80 00000039 804E1801                        or      byte [bp+offset_FLAGS],1        ; set the carry
    81 0000003D 89EC                    	mov	sp,bp
    82 0000003F 611F07                  	popm	all,ds,es
    83 00000042 CF                      	iret
    84                                  
    85                                  
    86                                  
    87                                  ;  External references
    88                                  
    89                                  	extern	PPIDE_entry
    90                                  
    91                                  DIDE0_entry	equ	FIXED_error
    92                                  DIDE1_entry	equ	FIXED_error
    93                                  DSD_entry	equ	FIXED_error
    94                                  IDE8_entry	equ	FIXED_error
    95                                  DISKIO_entry	equ	FIXED_error
    96                                  MFPIC_entry	equ	FIXED_error
    97                                  
    98                                  
    99                                  	global	get_IDE_num		; to AX (AH will be clear)
   100                                  	global	_get_IDE_num		; to AX (AH will be clear)
   101                                  _get_IDE_num:
   102                                  get_IDE_num:
   103                                  %if 0
   104                                  	pushm	ds
   105                                  	push	bios_data_seg
   106                                  	popm	ds
   107                                  	mov	al,[n_fixed_disks]
   108                                  	mov	ah,0
   109                                  	popm	ds
   110                                  %else
   111 00000043 1E5153                  	pushm	bx,cx,ds
   112 00000046 6A40                    	push	bios_data_seg
   113 00000048 1F                      	popm	ds
   114 00000049 B90400                  	mov	cx,FIXED_DISK_MAX
   115 0000004C BBA900                  	mov	bx,fixed_disk_tab
   116 0000004F 31C0                    	xor	ax,ax
   117                                  .1:
   118 00000051 F6073F                  	test	byte [bx],03Fh
   119 00000054 7401                       	jz	.2
   120 00000056 40                      	inc	ax
   121                                  .2:
   122 00000057 43                      	inc	bx
   123 00000058 E2F7                    	loop	.1
   124                                  
   125 0000005A 5B591F                  	popm	bx,cx,ds
   126                                  %endif
   127 0000005D C3                      	ret
   128                                  
   129                                  
   130                                  	global	fixed_device_code
   131                                  
   132                                  ; critical:  this table must be kept in sync with the enum at the
   133                                  ;	top of 'nvram.c'
   134                                  ;
   135                                  ;enum {NO_disk=0, PPI_type=2, DIDE0_type=4, DIDE1_type=6, DSD_type=8,
   136                                  ;	V3IDE8_type=10, DISKIO_type=12 };
   137                                  ;
   138                                  fixed_device_code:
   139 0000005E 0000                    	dw	0		; NO_disk
   140 00000060 8804                    	dw	PPI		; PPI_type
   141 00000062 0804                    	dw	0x408		; DSD_type
   142 00000064 FFFF                    	dw	-1
