     1                                  %ifndef SOFT_DEBUG
     2                                  ;;;%define SOFT_DEBUG 1
     3                                  %endif
     4                                  ;========================================================================
     5                                  ; int16ser.asm -- Keyboard service implementation using serial port
     6                                  ;========================================================================
     7                                  ;
     8                                  ; Compiles with NASM 2.07, might work with other versions
     9                                  ;
    10                                  ; Copyright (C) 2010 Sergey Kiselev.
    11                                  ; Provided for hobbyist use on the N8VEM SBC-188 board.
    12                                  ;
    13                                  ; This program is free software: you can redistribute it and/or modify
    14                                  ; it under the terms of the GNU General Public License as published by
    15                                  ; the Free Software Foundation, either version 3 of the License, or
    16                                  ; (at your option) any later version.
    17                                  ;
    18                                  ; This program is distributed in the hope that it will be useful,
    19                                  ; but WITHOUT ANY WARRANTY; without even the implied warranty of
    20                                  ; MERCHANTABILITY or FITNESS FOR A PARTICULAR PURPOSE.  See the
    21                                  ; GNU General Public License for more details.
    22                                  ;
    23                                  ; You should have received a copy of the GNU General Public License
    24                                  ; along with this program.  If not, see <http://www.gnu.org/licenses/>.
    25                                  ;
    26                                  ; UPDATES:
    27                                  ;       31-Dec-2010 -- JRCoffman - add HLT to fn00 code.
    28                                  ;	17-Oct-2010 -- JRCoffman - fix .5 label bug & add ctrl-B debugger
    29                                  ;			escape.
    30                                  ;
    31                                  ; TODO:
    32                                  ; - add UART autodetection and FIFO for 16550
    33                                  ; - add escape sequence handling for function keys
    34                                  ; - raw mode (e.g. for firmware uploads)
    35                                  ; - Ctrl-Alt-Del (not possible literally, some other keys for soft reboot)
    36                                  ;========================================================================
    37                                  
    38                                  %include	"config.asm"
    39                              <1> ;/*
    40                              <1> ;;;;;;;;;;;;;;;;;;;;;;;;;;;;;;;;;;;;;;;;;;;;;;;;;;;;;;;;;;;;;;;;;;;;;;;;;
    41                              <1> ; ANSI.CFG
    42                              <1> ;   Copied to CONFIG.ASM for general release.
    43                              <1> ;
    44                              <1> ;       Modify the parameters below to reflect your system
    45                              <1> ;
    46                              <1> ;
    47                              <1> ;   This version is for assembly by  NASM 0.98.39 or later
    48                              <1> ;
    49                              <1> ;   Copyright (C) 2010,2011 John R. Coffman.  All rights reserved.
    50                              <1> ;   Provided for hobbyist use on the N8VEM SBC-188 board.
    51                              <1> ;;;;;;;;;;;;;;;;;;;;;;;;;;;;;;;;;;;;;;;;;;;;;;;;;;;;;;;;;;;;;;;;;;;;;;;;;
    52                              <1> ;
    53                              <1> ; Define the serial terminal that the Video BIOS must emulate
    54                              <1> ; Set one of the following to 1
    55                              <1> ; If you have no idea what to choose, set TTY to 1
    56                              <1> TTY     equ     0       ; hardcopy -- cannot position the cursor
    57                              <1> DUMB    equ     0       ; dumb CRT -- ^H, ^J, ^K, ^L can move the cursor
    58                              <1> ANSI    equ     1       ; very smart, like a VT-100
    59                              <1> WYSE    equ     0       ; very smart Wyse series (30, 50, ...)
    60                              <1> ; others may get added in the future
    61                              <1> ;  ONE OF THE ABOVE must BE SET TO 1!!!!!
    62                              <1> ;
    63                              <1> ; Define the UART startup bit rate - 1200-19200 are most common
    64                              <1> ;UART_RATE	equ	0		; 1200
    65                              <1> ;UART_RATE	equ	1		; 2400
    66                              <1> ;UART_RATE	equ	2		; 4800
    67                              <1> UART_RATE	equ	3		; 9600
    68                              <1> ;UART_RATE	equ	4		; 19200
    69                              <1> ;UART_RATE	equ	5		; 38400
    70                              <1> ;UART_RATE	equ	6		; 57600
    71                              <1> ;UART_RATE	equ	7		; 115200
    72                              <1> 
    73                              <1> ; Does the serial terminal use the DSR/DTR protocol for flow control?
    74                              <1> ;UART_DSR_PROTOCOL	equ		1	; Yes!
    75                              <1> UART_DSR_PROTOCOL       equ             WYSE    ; Wyse always uses it
    76                              <1> 						; but not ANSI
    77                              <1> ; Define the size of the ROM image on the system in Kilobytes
    78                              <1> ; It may be smaller than the actual EPROM in use.
    79                              <1> ; The following sizes are supported:  32, 64, 128, and 256
    80                              <1> %ifndef ROM
    81                              <1> ROM             equ     32              ; 64 is the default
    82                              <1> %endif
    83                              <1> 
    84                              <1> ; Define the number of Wait States at which the ROM operates
    85                              <1> ROM_WS          equ     1               ; 0..3  (1 is the default)
    86                              <1> 
    87                              <1> ; Define the size in Kilobytes of DOS RAM (low SRAM plus EMM allocate RAM)
    88                              <1> ; This is a desired size and will only be present if a 4MEM board is added
    89                              <1> RAM_DOS         equ     640
    90                              <1> 
    91                              <1> ; Define the size of the low SRAM on the system in Kilobytes
    92                              <1> ; the default is 512 kilobytes
    93                              <1> RAM             equ     512             ; (512 is the default)
    94                              <1> 
    95                              <1> ; Define the number of Wait States at which the RAM operates
    96                              <1> RAM_WS          equ     0               ; 0..3  (0 is the default)
    97                              <1> 
    98                              <1> ; Define the number of Wait States for Local Peripheral devices (600-7FF)
    99                              <1> LCL_IO_WS       equ     1               ; 0..3  (1 is the default)
   100                              <1> 
   101                              <1> ; Define the number of Wait States for ECB BUS peripheral devices (4xx)
   102                              <1> BUS_IO_WS       equ     3               ; 0..3  (3 is the default)
   103                              <1> 
   104                              <1> ; Define the time zone in which we build the Relocatable BIOS
   105                              <1> %ifndef TIMEZONE
   106                              <1> %define TIMEZONE "CST"
   107                              <1> %endif
   108                              <1> 
   109                              <1> ; Has the REDBUG debugger been loaded?
   110                              <1> %ifndef SOFT_DEBUG
   111                              <1> %define SOFT_DEBUG 0
   112                              <1> %endif
   113                              <1> 
   114                              <1> ; Should the BIOS include "Tiny BASIC" in the image?
   115                              <1> %ifndef TBASIC
   116                              <1> TBASIC          equ     1		; default is 1
   117                              <1> %endif
   118                              <1> 
   119                              <1> ; Should the BIOS include the Floating Point Emulator?  The 80188 does
   120                              <1> ; not allow a floating point co-processor, so this is probably a good idea.
   121                              <1> %ifndef FPEM
   122                              <1> FPEM            equ     1               ; default is 1
   123                              <1> %endif
   124                              <1> 
   125                              <1> ; Should the Floating Point Emulator use temporary storage in the EBDA
   126                              <1> ; or at locations 0280h..3FFh in low memory?
   127                              <1> %if SOFT_DEBUG
   128                              <1> FPEM_USE_EBDA   equ     FPEM            ; default is 0
   129                              <1> %else
   130                              <1> FPEM_USE_EBDA   equ     0; FPEM            ; default is 0
   131                              <1> %endif
   132                              <1> 
   133                              <1> ; Define the size of the EPROM that is to be installed on the system
   134                              <1> ; It may be larger than the actual ROM image to be generated.
   135                              <1> %ifndef CHIP
   136                              <1> CHIP            equ     64
   137                              <1> %endif
   138                              <1> 
   139                              <1> ; Define the UART oscillator speed
   140                              <1> UART_OSC        equ     1843200         ; 1.8432 Mhz is specified
   141                              <1> 
   142                              <1> 
   143                              <1> ;;;;;;;;;;;;;;;;;;;;;;;;;;;;;;;;;;;;;;;;;;;;;;;;;;;;;;;;;;;;;;;;;;;;;;;;
   144                              <1> ; end of the User configuration
   145                              <1> ;       Do Not modify anything below this point
   146                              <1> ;;;;;;;;;;;;;;;;;;;;;;;;;;;;;;;;;;;;;;;;;;;;;;;;;;;;;;;;;;;;;;;;;;;;;;;;
   147                              <1> 
   148                              <1> ; Define existence of any uart chip
   149                              <1> UART		equ	TTY+DUMB+ANSI+WYSE
   150                              <1> startuplength   equ     512                     ; may be up to 1024
   151                              <1> startseg        equ     0FFFFh - (ROM*64) + 1
   152                              <1> highrom         equ     (ROM*400h)&0FFFFh
   153                              <1> startupseg      equ     0FFFFh - (startuplength>>4) + 1
   154                              <1> bios_data_seg   equ     040h            ; segment of BIOS data area
   155                              <1> 
   156                              <1> 
   157                              <1> %define ARG(n) [bp+2+(n)*2]
   158                              <1> 
   159                              <1> %macro  check   1.nolist
   160                              <1>  %if (%1)
   161                              <1>    %error Check Failure: %1
   162                              <1>  %endif
   163                              <1> %endm
   164                              <1> %macro  range   3.nolist
   165                              <1>  %if (%1)<(%2)
   166                              <1>    %error Out of Range: %1
   167                              <1>  %elif (%1)>(%3)
   168                              <1>    %error Out of Range: %1
   169                              <1>  %endif
   170                              <1> %endm
   171                              <1> _terminal equ UART
   172                              <1>  check   RAM_DOS&15
   173                              <1>  check   RAM&(RAM-1)
   174                              <1>  check   ROM&(ROM-1)
   175                              <1>  range   RAM,32,512
   176                              <1>  range   ROM,32,256
   177                              <1>  range   RAM_WS,0,3
   178                              <1>  range   ROM_WS,0,3
   179                              <1>  range   RAM_DOS,RAM,(1024-ROM)
   180                              <1>  range   LCL_IO_WS,0,3
   181                              <1>  range   BUS_IO_WS,0,3
   182                              <1>  range   UART_OSC,500000,16000000
   183                              <1>  range   UART_RATE,0,7
   184                              <1>  range	 UART,0,1
   185                              <1>  range	 _terminal,1,2
   186                              <1> 
   187                              <1> %ifndef SOFT_DEBUG
   188                              <1> %define SOFT_DEBUG 0
   189                              <1> %endif
   190                              <1> 
   191                              <1> %ifndef TRACE
   192                              <1> %define TRACE 0
   193                              <1> %endif
   194                              <1> 
   195                              <1> %ifdef MAKE_OBJECT_FILE
   196                              <1>         segment _DATA WORD PUBLIC CLASS=DATA
   197                              <1>         export _ROMsize
   198                              <1>         export _CHIPsize
   199                              <1> _ROMsize        dw      ROM
   200                              <1> _CHIPsize       dw      CHIP
   201                              <1> %endif
   202                              <1> ; end of the Hardware configuration file
   203                              <1> ;;;;;;;;;;;;;;;;;;;;;;;;;;;;;;;;;;;;;;;;;;;;;;;;;;;;;;;;;;;;;;;;;;;;;;;;
   204                              <1> ;*/
    39                                  %include	"cpuregs.asm"
    40                              <1> ;;;;;;;;;;;;;;;;;;;;;;;;;;;;;;;;;;;;;;;;;;;;;;;;;;;;;;;;;;;;;;;;;;;;;;;;;
    41                              <1> ; CPUREGS.ASM
    42                              <1> ;;;;;;;;;;;;;;;;;;;;;;;;;;;;;;;;;;;;;;;;;;;;;;;;;;;;;;;;;;;;;;;;;;;;;;;;;
    43                              <1> ;
    44                              <1> ;   This version is for assembly by  NASM 0.98.39 or later
    45                              <1> ;
    46                              <1> ; Copyright (C) 2010,2011 John R. Coffman.  All rights reserved.
    47                              <1> ; Provided for hobbyist use on the N8VEM SBC-188 board.
    48                              <1> ;
    49                              <1> ; This program is free software: you can redistribute it and/or modify
    50                              <1> ; it under the terms of the GNU General Public License as published by
    51                              <1> ; the Free Software Foundation, either version 3 of the License, or
    52                              <1> ; (at your option) any later version.
    53                              <1> ;
    54                              <1> ; This program is distributed in the hope that it will be useful,
    55                              <1> ; but WITHOUT ANY WARRANTY; without even the implied warranty of
    56                              <1> ; MERCHANTABILITY or FITNESS FOR A PARTICULAR PURPOSE.  See the
    57                              <1> ; GNU General Public License for more details.
    58                              <1> ;
    59                              <1> ; You should have received a copy of the GNU General Public License
    60                              <1> ; along with this program.  If not, see <http://www.gnu.org/licenses/>.
    61                              <1> ;
    62                              <1> ; Updated for the Duodyne 80c188 SBC
    63                              <1> ;;;;;;;;;;;;;;;;;;;;;;;;;;;;;;;;;;;;;;;;;;;;;;;;;;;;;;;;;;;;;;;;;;;;;;;;;
    64                              <1> %include	"macros.inc"
    65                              <2> ;;;;;;;;;;;;;;;;;;;;;;;;;;;;;;;;;;;;;;;;;;;;;;;;;;;;;;;;;;;;;;;;;;;;;;;;;
    66                              <2> ; MACROS.INC  
    67                              <2> ;;;;;;;;;;;;;;;;;;;;;;;;;;;;;;;;;;;;;;;;;;;;;;;;;;;;;;;;;;;;;;;;;;;;;;;;;
    68                              <2> ;
    69                              <2> ;   This version is for assembly by  NASM 0.98.39 or later
    70                              <2> ;
    71                              <2> ; Copyright (C) 2010,2011 John R. Coffman.  All rights reserved.
    72                              <2> ; Provided for hobbyist use on the N8VEM SBC-188 board.
    73                              <2> ;
    74                              <2> ; This program is free software: you can redistribute it and/or modify
    75                              <2> ; it under the terms of the GNU General Public License as published by
    76                              <2> ; the Free Software Foundation, either version 3 of the License, or
    77                              <2> ; (at your option) any later version.
    78                              <2> ;
    79                              <2> ; This program is distributed in the hope that it will be useful,
    80                              <2> ; but WITHOUT ANY WARRANTY; without even the implied warranty of
    81                              <2> ; MERCHANTABILITY or FITNESS FOR A PARTICULAR PURPOSE.  See the
    82                              <2> ; GNU General Public License for more details.
    83                              <2> ;
    84                              <2> ; You should have received a copy of the GNU General Public License
    85                              <2> ; along with this program.  If not, see <http://www.gnu.org/licenses/>.
    86                              <2> ;
    87                              <2> ;;;;;;;;;;;;;;;;;;;;;;;;;;;;;;;;;;;;;;;;;;;;;;;;;;;;;;;;;;;;;;;;;;;;;;;;;
    88                              <2> 
    89                              <2> ; general macros for the SBC188 BIOS ASSEMBLY
    90                              <2> ;
    91                              <2> ;
    92                              <2> %ifndef __MACROS_DEFINED_
    93                              <2> %define __MACROS_DEFINED_ 1
    94                              <2> ;;;;;;;;;;;;;;;;;;;;;;;;;;;;;;;;;;;;;;;;;;;;;;;;;;;;;;;;;;;;;;;;;;;;;;;;;
    95                              <2> ;
    96                              <2> ; some useful macros:
    97                              <2> ;
    98                              <2> ;;;;;;;;;;;;;;;;;;;;;;;;;;;;;;;;;;;;;;;;;;;;;;;;;;;;;;;;;;;;;;;;;;;;;;;;;
    99                              <2> ;
   100                              <2> 	cpu	186
   101                              <2> 
   102                              <2> %imacro setloc  1.nolist
   103                              <2>  times   (%1-($-$$)) db 0FFh
   104                              <2> %endm
   105                              <2> 
   106                              <2> %imacro db_lo   1
   107                              <2>  db (%1)&255
   108                              <2> %endm
   109                              <2> 
   110                              <2> %imacro cnop    0.nolist
   111                              <2> %if SOFT_DEBUG
   112                              <2>         nop
   113                              <2> %endif
   114                              <2> %endm
   115                              <2> 
   116                              <2> %imacro popm 1-*.nolist
   117                              <2> %rep %0
   118                              <2> %ifidni %1,ALL
   119                              <2>  popa
   120                              <2> %elifidni %1,F
   121                              <2>  popf
   122                              <2> %else
   123                              <2>  pop %1
   124                              <2> %ifidni %1,DS
   125                              <2>  cnop
   126                              <2> %elifidni %1,ES
   127                              <2>  cnop
   128                              <2> %endif
   129                              <2> %endif
   130                              <2> %rotate 1
   131                              <2> %endrep
   132                              <2> %endm
   133                              <2> 
   134                              <2> %imacro pushm 1-*.nolist
   135                              <2> %rep %0
   136                              <2> %rotate -1
   137                              <2> %ifidni %1,ALL
   138                              <2>  pusha
   139                              <2> %elifidni %1,F
   140                              <2>  pushf
   141                              <2> %else
   142                              <2>  push %1
   143                              <2> %endif
   144                              <2> %endrep
   145                              <2> %endm
   146                              <2> 
   147                              <2> ;
   148                              <2> ; added from the 386EX project
   149                              <2> ;
   150                              <2> 
   151                              <2> ; call arguments
   152                              <2> %define ARG(n) [bp+2+(n)*2]
   153                              <2> 
   154                              <2> ;
   155                              <2> ; format of the BYTE initialization table:  address, byte
   156                              <2> ;
   157                              <2> %imacro  binit 2
   158                              <2>         dw      %1
   159                              <2>         db      %2
   160                              <2> %endmacro
   161                              <2> ; end with DW -1
   162                              <2> 
   163                              <2> ;
   164                              <2> ; format of the WORD initialization table:  address, word
   165                              <2> ;
   166                              <2> %imacro  winit 2
   167                              <2>         dw      %1
   168                              <2>         dw      %2
   169                              <2> %endmacro
   170                              <2> ; end with DW -1
   171                              <2> 
   172                              <2> 
   173                              <2> ; get the BIOS Data Area segment pointer to a [segment] register
   174                              <2> %imacro get_bda	1.nolist
   175                              <2> 	push	0x0040
   176                              <2> 	pop	%1
   177                              <2> 	cnop
   178                              <2> %endm
   179                              <2> 
   180                              <2> 
   181                              <2> %endif
    65                              <1> 
    66                              <1> 	cpu     186
    67                              <1> ;
    68                              <1> ;
    69                              <1> ; IBM model byte -- must be less than a 286
    70                              <1> ;
    71                              <1> 
    72                              <1> MODEL_BYTE		equ	0FEh	; PC-XT
    73                              <1> SUBMODEL_BYTE		equ	00h	;  "
    74                              <1> 
    75                              <1> 
    76                              <1> ; 80188 peripheral control register block address
    77                              <1> CPU_CSCR	        equ	0FF00h
    78                              <1> 
    79                              <1> ; Compatible Mode registers
    80                              <1> 
    81                              <1> cpu_relocation          equ     CPU_CSCR+0FEh
    82                              <1> 
    83                              <1> ; The memory and peripheral chip select register offsets from 0FF00h
    84                              <1> 
    85                              <1> cpu_umcs                equ     CPU_CSCR+0A0h          ; Upper memory select
    86                              <1> cpu_lmcs                equ     CPU_CSCR+0A2h          ; Lower memory select
    87                              <1> cpu_pacs                equ     CPU_CSCR+0A4h          ; Peripheral select
    88                              <1> cpu_mmcs                equ     CPU_CSCR+0A6h          ; Middle memory base
    89                              <1> cpu_mpcs                equ     CPU_CSCR+0A8h          ; Mid mem. & peripherals
    90                              <1> 
    91                              <1> ; Enhanced Mode registers
    92                              <1> 
    93                              <1> cpu_mdram               equ     CPU_CSCR+0E0h          ; memory partition reg.
    94                              <1> cpu_cdram               equ     CPU_CSCR+0E2h          ; clock prescaler
    95                              <1> cpu_edram               equ     CPU_CSCR+0E4h          ; Enable refresh reg.
    96                              <1> cpu_pdcon               equ     CPU_CSCR+0F0h          ; Power-Save control
    97                              <1> 
    98                              <1> 
    99                              <1> ; On-board internal peripheral equates
   100                              <1> ; Programmable Interrupt Controller
   101                              <1> PIC	        equ	CPU_CSCR+020H
   102                              <1> PIC_EOI	        equ	PIC+2           ; End Of Interrupt
   103                              <1> PIC_POLLR	equ	PIC+4
   104                              <1> PIC_POLLSR	equ	PIC+6
   105                              <1> PIC_IMASK	equ	PIC+8
   106                              <1> PIC_PMREG	equ	PIC+0AH
   107                              <1> PIC_SRVR	equ	PIC+0CH
   108                              <1> PIC_IRQR	equ	PIC+0EH
   109                              <1> PIC_IRQSR	equ	PIC+10H
   110                              <1> PIC_TCR	        equ	PIC+12H
   111                              <1> PIC_DMA0CR	equ	PIC+14H
   112                              <1> PIC_DMA1CR	equ	PIC+16H
   113                              <1> PIC_I0CON	equ	PIC+18H
   114                              <1> PIC_I1CON	equ	PIC+1AH
   115                              <1> PIC_I2CON	equ	PIC+1CH
   116                              <1> PIC_I3CON	equ	PIC+1EH
   117                              <1> 
   118                              <1> EOI_NSPEC       equ     8000h           ; Non-Specific EOI
   119                              <1> 
   120                              <1> ; Interrupt masks (Master Mode)
   121                              <1> ;
   122                              <1> mask_timer_all          equ     0001h
   123                              <1> mask_dma0               equ     0004h
   124                              <1> mask_dma1               equ     0008h
   125                              <1> mask_int0               equ     0010h
   126                              <1> mask_int1               equ     0020h
   127                              <1> mask_int2               equ     0040h
   128                              <1> mask_int3               equ     0080h
   129                              <1> 
   130                              <1> 
   131                              <1> 
   132                              <1> ; Timers
   133                              <1> TIM0	        equ	CPU_CSCR+050H
   134                              <1> TIM1	        equ	CPU_CSCR+058H
   135                              <1> TIM2	        equ	CPU_CSCR+060H
   136                              <1> 
   137                              <1> TCNT	        equ	0	; count register
   138                              <1> CMPA	        equ	2	; max count A
   139                              <1> CMPB	        equ	4	; max count B (not present on TIM2)
   140                              <1> TCON	        equ	6	; mode/control word
   141                              <1> 
   142                              <1> ; Timer control bits:
   143                              <1> tc_EN           equ     8000h   ; Enable bit
   144                              <1> tc_nINH         equ     4000h   ; not Inhibit Enable
   145                              <1> tc_INT          equ     2000h   ; Interrupt Enable
   146                              <1> tc_RIU          equ     1000h   ; Register A/B (0/1) in Use
   147                              <1> tc_MC           equ     0020h   ; Maximum Count reached
   148                              <1> tc_RTG          equ     0010h   ; Retrigger (internal source)
   149                              <1> tc_P            equ     0008h   ; Prescale internal clock (timers 0 & 1 only)
   150                              <1> tc_EXT          equ     0004h   ; External clock
   151                              <1> tc_ALT          equ     0002h   ; Alternate between A & B max count registers
   152                              <1> tc_CONT         equ     0001h   ; Continuous: continue after max count
   153                              <1> 
   154                              <1> 
   155                              <1> 
   156                              <1> 
   157                              <1> ; DMA
   158                              <1> DMA0	        equ	CPU_CSCR+0C0H
   159                              <1> DMA1	        equ	CPU_CSCR+0D0H
   160                              <1> DMASPL	        equ	0	; source pointer low
   161                              <1> DMASPU	        equ	2	; source pointer high
   162                              <1> DMADPL	        equ	4	; destination pointer low
   163                              <1> DMADPU	        equ	6	; destination pointer high
   164                              <1> DMATC	        equ	8	; terminal count
   165                              <1> DMACW	        equ	0AH	; control word
   166                              <1> 
   167                              <1> 
   168                              <1> 
   169                              <1> 
   170                              <1> 
   171                              <1> ;;;;;;;;;;;;;;;;;;;;;;;;;;;;;;;;;;;;;;;;;;;;;;;;;;;;;;;;;;;;;;;;;;;;;;;;;
   172                              <1> ;
   173                              <1> ;       SBC-188 external devices
   174                              <1> ;
   175                              <1> ;;;;;;;;;;;;;;;;;;;;;;;;;;;;;;;;;;;;;;;;;;;;;;;;;;;;;;;;;;;;;;;;;;;;;;;;;
   176                              <1> 
   177                              <1> IO_BASE			equ	0400h
   178                              <1> 
   179                              <1> 
   180                              <1> 
   181                              <1> ;;;;;;;;;;;;;;;;;;;;;;;;;;;;;;;;;;;;;;;;;;;;;;;;;;;;;;;;;;;;;;;;;;;;;;;;;
   182                              <1> ; The UART registers (Duodyne SBC 80c188 Console port)
   183                              <1> ;;;;;;;;;;;;;;;;;;;;;;;;;;;;;;;;;;;;;;;;;;;;;;;;;;;;;;;;;;;;;;;;;;;;;;;;;
   184                              <1> 
   185                              <1> uart_base               equ     IO_BASE+0280h
   186                              <1> uart_rbr                equ     uart_base       ;Rcvr Buffer / read only
   187                              <1> uart_thr                equ     uart_base       ;Transmit Holding / write only
   188                              <1> uart_ier                equ     uart_base+1     ;Interrupt Enable
   189                              <1> uart_iir                equ     uart_base+2     ;Interrupt Ident / read only
   190                              <1> uart_fcr                equ     uart_base+2     ;FIFO Control / write only
   191                              <1> uart_lcr                equ     uart_base+3     ;Line Control
   192                              <1> uart_mcr                equ     uart_base+4     ;Modem Control
   193                              <1> uart_lsr                equ     uart_base+5     ;Line Status
   194                              <1> uart_msr                equ     uart_base+6     ;Modem Status
   195                              <1> uart_sr			equ	uart_base+7	;Scratch
   196                              <1> 
   197                              <1> uart_dll                equ     uart_base       ;Divisor Latch LS Byte
   198                              <1> uart_dlm                equ     uart_base+1     ;Divisor Latch MS Byte
   199                              <1> 
   200                              <1> ;;;;;;;;;;;;;;;;;;;;;;;;;;;;;;;;;;;;;;;;;;;;;;;;;;;;;;;;;;;;;;;;;;;;;;;;;
   201                              <1> ; CONTROL LS259 PORT  (DuoDyne 80C188)
   202                              <1> ;;;;;;;;;;;;;;;;;;;;;;;;;;;;;;;;;;;;;;;;;;;;;;;;;;;;;;;;;;;;;;;;;;;;;;;;;
   203                              <1> CTRL259		equ	IO_BASE+0238H
   204                              <1> ; LEDS are at addresses 0..3
   205                              <1> ; other control ports on 4..7
   206                              <1> LED0		equ	CTRL259+0
   207                              <1> LED1		equ	LED0+1
   208                              <1> LED2		equ	LED0+2
   209                              <1> LED3		equ	LED0+3
   210                              <1> T1OSC18		equ	CTRL259+4	; ON=1.8432mhz, OFF="1" (for use of TIMER2)
   211                              <1> ;unused		equ	CTRL259+5
   212                              <1> ;unused		equ	CTRL259+6
   213                              <1> ;unused		equ	CTRL259+7
   214                              <1> 
   215                              <1> ;;;;;;;;;;;;;;;;;;;;;;;;;;;;;;;;;;;;;;;;;;;;;;;;;;;;;;;;;;;;;;;;;;;;;;;;;
   216                              <1> ; Front Panel Connector  (DuoDyne 80C188)
   217                              <1> ;;;;;;;;;;;;;;;;;;;;;;;;;;;;;;;;;;;;;;;;;;;;;;;;;;;;;;;;;;;;;;;;;;;;;;;;;
   218                              <1> FRONT_PANEL_LED	equ	IO_BASE+0230H
   219                              <1> 
   220                              <1> 
   221                              <1> 
   222                              <1> ;;;;;;;;;;;;;;;;;;;;;;;;;;;;;;;;;;;;;;;;;;;;;;;;;;;;;;;;;;;;;;;;;;;;;;;;;
   223                              <1> ; Floppy controller (Duodyne Disk IO)
   224                              <1> ;;;;;;;;;;;;;;;;;;;;;;;;;;;;;;;;;;;;;;;;;;;;;;;;;;;;;;;;;;;;;;;;;;;;;;;;;
   225                              <1> FDC	        equ	IO_BASE+0080H
   226                              <1> FDC_MSR         equ     FDC
   227                              <1> FDC_DATA        equ     FDC+1
   228                              <1> FDC_TC	        equ	FDC+2
   229                              <1> FDC_RES	        equ	FDC+3
   230                              <1> FDC_LDCR	equ	FDC+5
   231                              <1> FDC_LDOR	equ	FDC+6
   232                              <1> FDC_DACK        equ	FDC+6
   233                              <1> FDC_DACK_TC     equ     FDC+7
   234                              <1> 
   235                              <1> ;;;;;;;;;;;;;;;;;;;;;;;;;;;;;;;;;;;;;;;;;;;;;;;;;;;;;;;;;;;;;;;;;;;;;;;;;
   236                              <1> ; Duodyne Multi IO
   237                              <1> ;;;;;;;;;;;;;;;;;;;;;;;;;;;;;;;;;;;;;;;;;;;;;;;;;;;;;;;;;;;;;;;;;;;;;;;;;
   238                              <1> CH376	        equ	IO_BASE+004EH
   239                              <1> ParPrinter      equ	IO_BASE+0048H
   240                              <1> DuoSerial       equ	IO_BASE+0070H
   241                              <1> MultiIo8242     equ	IO_BASE+004CH
   242                              <1> PrinterTimeout  equ 	020h
   243                              <1> 
   244                              <1> ;;;;;;;;;;;;;;;;;;;;;;;;;;;;;;;;;;;;;;;;;;;;;;;;;;;;;;;;;;;;;;;;;;;;;;;;;
   245                              <1> ;DS1302 RTC (Duodyne Ram/ROM Card)
   246                              <1> ;;;;;;;;;;;;;;;;;;;;;;;;;;;;;;;;;;;;;;;;;;;;;;;;;;;;;;;;;;;;;;;;;;;;;;;;;
   247                              <1> RTC	equ	IO_BASE+0094H
   248                              <1> 
   249                              <1> ;;;;;;;;;;;;;;;;;;;;;;;;;;;;;;;;;;;;;;;;;;;;;;;;;;;;;;;;;;;;;;;;;;;;;;;;;
   250                              <1> ; PIO 82C55 I/O  (Duodyne Disk IO)
   251                              <1> ;;;;;;;;;;;;;;;;;;;;;;;;;;;;;;;;;;;;;;;;;;;;;;;;;;;;;;;;;;;;;;;;;;;;;;;;;
   252                              <1> PPI	        equ	IO_BASE+0088H
   253                              <1> 
   254                              <1> PIO_A	        equ	PPI+0	; (OUTPUT)
   255                              <1> PIO_B	        equ	PPI+1	; (INPUT)
   256                              <1> PIO_C	        equ	PPI+2	; (CENTRONICS control low nibble)
   257                              <1> PIO_CTRL	equ	PPI+3	; CONTROL BYTE PIO 82C55
   258                              <1> 
   259                              <1> portA           equ     PPI+0   ;
   260                              <1> portB           equ     PPI+1   ;
   261                              <1> portC           equ     PPI+2   ;
   262                              <1> 
   263                              <1> ; end CPUREGS.ASM
    40                                  %include	"equates.asm"
    41                              <1> ;========================================================================
    42                              <1> ; EQUATES.ASM -- Lots of Defintions for Relocatable BIOS
    43                              <1> ;========================================================================
    44                              <1> ;   for the N8VEM SBC-188 v.00.4 and 00.5
    45                              <1> ;
    46                              <1> ;   This version is for assembly by  NASM 0.98.39 or later
    47                              <1> ;
    48                              <1> ; Copyright (C) 2010 John R. Coffman.  All rights reserved.
    49                              <1> ; Provided for hobbyist use on the N8VEM SBC-188 board.
    50                              <1> ;
    51                              <1> ; This program is free software: you can redistribute it and/or modify
    52                              <1> ; it under the terms of the GNU General Public License as published by
    53                              <1> ; the Free Software Foundation, either version 3 of the License, or
    54                              <1> ; (at your option) any later version.
    55                              <1> ;
    56                              <1> ; This program is distributed in the hope that it will be useful,
    57                              <1> ; but WITHOUT ANY WARRANTY; without even the implied warranty of
    58                              <1> ; MERCHANTABILITY or FITNESS FOR A PARTICULAR PURPOSE.  See the
    59                              <1> ; GNU General Public License for more details.
    60                              <1> ;
    61                              <1> ; You should have received a copy of the GNU General Public License
    62                              <1> ; along with this program.  If not, see <http://www.gnu.org/licenses/>.
    63                              <1> ;
    64                              <1> ;========================================================================
    65                              <1> 
    66                              <1>         global  FPEM_segment
    67                              <1> 
    68                              <1> 
    69                              <1> %include "segdef.asm"
    70                              <2> ;========================================================================
    71                              <2> ; SEGDEF.ASM -- Lots of Defintions for Relocatable BIOS
    72                              <2> ;========================================================================
    73                              <2> ;   for the N8VEM SBC-188 v.00.4 and 00.5
    74                              <2> ;
    75                              <2> ;   This version is for assembly by  NASM 0.98.39 or later
    76                              <2> ;
    77                              <2> ; Copyright (C) 2010 John R. Coffman.  All rights reserved.
    78                              <2> ; Provided for hobbyist use on the N8VEM SBC-188 board.
    79                              <2> ;
    80                              <2> ; This program is free software: you can redistribute it and/or modify
    81                              <2> ; it under the terms of the GNU General Public License as published by
    82                              <2> ; the Free Software Foundation, either version 3 of the License, or
    83                              <2> ; (at your option) any later version.
    84                              <2> ;
    85                              <2> ; This program is distributed in the hope that it will be useful,
    86                              <2> ; but WITHOUT ANY WARRANTY; without even the implied warranty of
    87                              <2> ; MERCHANTABILITY or FITNESS FOR A PARTICULAR PURPOSE.  See the
    88                              <2> ; GNU General Public License for more details.
    89                              <2> ;
    90                              <2> ; You should have received a copy of the GNU General Public License
    91                              <2> ; along with this program.  If not, see <http://www.gnu.org/licenses/>.
    92                              <2> ;
    93                              <2> ;========================================================================
    94                              <2> 
    95                              <2> %ifndef __SEGDEF_
    96                              <2> %define __SEGDEF_
    97                              <2> 
    98                              <2> 	SEGMENT  _TEXT ALIGN=2 PUBLIC CLASS=CODE
    99                              <2>         SEGMENT  CONST ALIGN=2 PUBLIC CLASS=DATA
   100                              <2>         SEGMENT  CONST2 ALIGN=2 PUBLIC CLASS=DATA
   101                              <2> 	SEGMENT  _DATA ALIGN=16 PUBLIC CLASS=DATA
   102                              <2> 	SEGMENT  _BSS  ALIGN=2 PUBLIC CLASS=BSS
   103                              <2> ;;;        SEGMENT  _BASIC ALIGN=16 PUBLIC CLASS=BASIC
   104                              <2> 
   105                              <2> 	GROUP	DGROUP CONST CONST2 _DATA _BSS
   106                              <2> 
   107                              <2> %endif
   108                              <2> 
    70                              <1> %include "ascii.asm"
    71                              <2> ; ascii.asm
    72                              <2> ;
    73                              <2> CTRL            equ     1Fh     ; masks a character to CTRL-x
    74                              <2> 
    75                              <2> NUL     equ     00h
    76                              <2> BEL     equ     (CTRL & 'G')
    77                              <2> BS      equ     08h		; ^H
    78                              <2> HT      equ     09h		; ^I
    79                              <2> LF	equ	0Ah		; ^J
    80                              <2> NL      equ     LF
    81                              <2> VT	equ	0Bh		; ^K
    82                              <2> FWD	equ	0Ch		; ^L
    83                              <2> CR	equ	0Dh
    84                              <2> XON     equ     (CTRL & 'Q')
    85                              <2> XOFF    equ     (CTRL & 'S')
    86                              <2> DC1     equ     XON
    87                              <2> DC3     equ     XOFF
    88                              <2> ESC     equ	1Bh
    89                              <2> 
    90                              <2> 
    71                              <1> 
    72                              <1> 
    73                              <1> ; POST error codes. Presently one byte but can expand to word.
    74                              <1> ER_BIOS equ	01h		; Bad ROM bios checksum, patch last byte
    75                              <1> ER_RAM	equ	02h		; Bad RAM in main memory, replace
    76                              <1> ER_CRT	equ	04h		; Bad RAM in video card, replace
    77                              <1> ER_FDC	equ	08h		; Bad FDC
    78                              <1> ER_UNK1	equ	10h		; {unassigned}
    79                              <1> ER_MEM	equ	20h		; Bad RAM in vector area, replace
    80                              <1> ER_ROM	equ	40h		; Bad ROM in expansion area, bad checksum
    81                              <1> ER_UNK2	equ	80h		; {unassigned}
    82                              <1> 
    83                              <1> 
    84                              <1> 
    85                              <1> ;; ************************ BIOS Data Segment ******************************
    86                              <1> ;; BIOS data segment - not all will  be used
    87                              <1> ;                struc   BIOS_DATA_AREA  ; at 0040:0000
    88                              <1> %include "bda.inc"
    89                              <2> ;/*======================================================================
    90                              <2> ; bda.inc -- BIOS data area definitions
    91                              <2> ;========================================================================
    92                              <2> ;   for the N8VEM SBC-188
    93                              <2> ;
    94                              <2> ;   This version is for assembly by  NASM 0.98.39 or later
    95                              <2> ;
    96                              <2> ; Copyright (C) 2013 John R. Coffman.  All rights reserved.
    97                              <2> ; Provided for hobbyist use on the N8VEM SBC-188 board.
    98                              <2> ;
    99                              <2> ; This program is free software: you can redistribute it and/or modify
   100                              <2> ; it under the terms of the GNU General Public License as published by
   101                              <2> ; the Free Software Foundation, either version 3 of the License, or
   102                              <2> ; (at your option) any later version.
   103                              <2> ;
   104                              <2> ; This program is distributed in the hope that it will be useful,
   105                              <2> ; but WITHOUT ANY WARRANTY; without even the implied warranty of
   106                              <2> ; MERCHANTABILITY or FITNESS FOR A PARTICULAR PURPOSE.  See the
   107                              <2> ; GNU General Public License for more details.
   108                              <2> ;
   109                              <2> ; You should have received a copy of the GNU General Public License
   110                              <2> ; along with this program.  If not, see <http://www.gnu.org/licenses/>.
   111                              <2> ;
   112                              <2> ;========================================================================
   113                              <2> 
   114                              <2> 			;*/ extern				/*
   115                              <2> 	ABSOLUTE  0	;*/ struct BDA {			/*
   116 00000000 ????????????????    <2> serial_ports    resw    4	;*/	word	serial_ports[4];	/*
   117 00000008 ????????????????    <2> parallel_ports  resw    4	;*/	word	parallel_ports[4];	/*
   118 00000010 ????                <2> equipment_flag  resw    1	;*/	EQFL	equipment_flag;		/*
   119                              <2> ;	dw	?		; 40:10 	; Equipment present word
   120                              <2> ;  						;  = (1 iff floppies) *     1.
   121                              <2> ;                                               ;  + (1 iff 187     ) *     2.
   122                              <2> ;  						;  + (#+1 64K sys ram) *    4.
   123                              <2> ;  						;  + (init crt mode ) *    16.
   124                              <2> ;  						;  + (# of floppies ) *    64.
   125                              <2> ;  						;  + (# serial ports) *   512.
   126                              <2> ;  						;  + (1 iff toy port) *  4096.
   127                              <2> ;                                               ;  + (1 iff modem   ) *  8192.
   128                              <2> ;  						;  + (# parallel LPT) * 16384.
   129 00000012 ??                  <2> mfg_test_flags  resb    1	;*/	byte	mfg_test_flags;	/* 40:12 unused by us
   130 00000013 ????                <2> memory_size     resw    1	;*/	word	memory_size;	/* 40:13 kilobytes
   131                              <2> uart_kbd_ctrl_R	equ	$	;*/				/*** JRC: count of ctrl-R's for reboot
   132 00000015 ??                  <2> IPL_errors      resb    1	;*/	byte	IPL_errors;	/* 40:15 IPL errors<-table/scratchpad
   133 00000016 ??                  <2> sbc188_rev       resb    1	;*/	byte	sbc188_rev;	/* was 'unused_01' before BIOS047
   134                              <2> ;;---------------[Keyboard data area]------------;
   135 00000017 ????                <2> keyboard_flags_0 resw   1	;*/	word	keyboard_flags_0;  /* 40:17 Shift/Alt/etc. keyboard flags
   136                              <2> keyboard_flags_1 equ	$-1	;     2nd byte	keyboard_flags_1;
   137 00000019 ??                  <2> keypad_char	resb	1	;*/	byte	keypad_char;	/* 40:19 Alt-KEYPAD char. goes here
   138 0000001A ????                <2> kbd_buffer_head resw    1	;*/	word	kbd_buffer_head;   /* 40:1A --> keyboard buffer head
   139 0000001C ????                <2> kbd_buffer_tail resw    1	;*/	word	kbd_buffer_tail;   /* 40:1C --> keyboard buffer tail
   140 0000001E <res 20h>           <2> kbd_buffer      resw    16	;*/	word	kbd_buffer[16];	/* 40:1E Keyboard Buffer (Scan,Value)
   141                              <2> kbd_buffer_last	equ	$	;*/				/*
   142                              <2> ;;---------------[Diskette data area]------------;
   143 0000003E ??                  <2> fdc_drv_calib   resb    1	;*/	byte	fdc_drive_calib;   /* 40:3E
   144 0000003F ??                  <2> fdc_motor_LDOR  resb    1	;*/	byte	fdc_motor_LDOR;	   /* 40:3F Motor, DMA, select control
   145 00000040 ??                  <2> fdc_motor_ticks resb    1	;*/	byte	fdc_motor_ticks;   /* 40:40 ticks til motor off
   146 00000041 ??                  <2> fdc_status      resb    1	;*/	byte	fdc_status;	   /* 40:41
   147                              <2> ;				Floppy return code stat byte
   148                              <2> ;				;  1 = bad ic 765 command req.
   149                              <2> ;				;  2 = address mark not found
   150                              <2> ;				;  3 = write to protected disk
   151                              <2> ;				;  4 = sector not found
   152                              <2> ;				;  8 = data late (DMA overrun)
   153                              <2> ;				;  9 = DMA failed 64K page end
   154                              <2> ;				; 16 = bad CRC on floppy read
   155                              <2> ;				; 32 = bad NEC 765 controller
   156                              <2> ;				; 64 = seek operation failed
   157                              <2> ;				;128 = disk drive timed out
   158 00000042 ??????????????      <2> fdc_ctrl_status resb    7	;*/	byte	fdc_ctrl_status[7];  /* 40:42 Status bytes from NEC 765
   159                              <2> ;;---------------[Video display area]------------;
   160 00000049 ??                  <2> video_mode      resb    1	;*/	byte	video_mode;	/* 40:49
   161                              <2> ;			 	; Current CRT mode  (software)
   162                              <2> ;				;  0 = 40 x 25 text (no color)
   163                              <2> ;				;  1 = 40 x 25 text (16 color)
   164                              <2> ;				;  2 = 80 x 25 text (no color)
   165                              <2> ;				;  3 = 80 x 25 text (16 color)
   166                              <2> ;				;  4 = 320 x 200 grafix 4 color
   167                              <2> ;				;  5 = 320 x 200 grafix 0 color
   168                              <2> ;				;  6 = 640 x 200 grafix 0 color
   169                              <2> ;				;  7 = 80 x 25 text (mono card)
   170 0000004A ????                <2> video_columns   resw    1	;*/	word video_columns;	/* 40:4A Columns on CRT screen
   171 0000004C ????                <2> video_regen_bytes  resw 1	;*/	word video_regen_bytes;	/* 40:4C Bytes in the regen region
   172 0000004E ????                <2> video_regen_offset resw 1	;*/	word video_regen_offset;/* 40:4E Byte offset in regen region
   173 00000050 <res 10h>           <2> video_cursor_pos  resw  8	;*/	word video_cursor_pos[8];  /* 40:50 Cursor pos for up to 8 pages
   174 00000060 ????                <2> video_cursor_mode resw  1	;*/	word video_cursor_mode;	/* 40:60 Current cursor mode setting
   175 00000062 ??                  <2> video_page      resb    1	;*/	byte video_page;	/* 40:62 Current page on display
   176 00000063 ????                <2> video_base_seg  resw    1	;*/	word video_base_seg;	/* 40:63 Base address (B000h or B800h)
   177 00000065 ??                  <2> video_hw_mode   resb    1	;*/	byte video_hw_mode;	/* 40:65 ic 6845 mode reg. (hardware)
   178 00000066 ??                  <2> video_cga_palette resb  1	;*/	byte video_cga_palette;	/* 40:66 Current CGA palette
   179                              <2> ;;---------------[Used to setup ROM]-------------;
   180 00000067 ????????            <2> eprom_address   resd    1	;*/	dword eprom_address;	/* 40:67 Eprom base Offset,Segment
   181 0000006B ??                  <2> spurious_irq    resb    1	;*/	byte spurious_irq;	/* 40:6B Last spurious interrupt IRQ
   182                              <2> ;;---------------[Timer data area]---------------;
   183 0000006C ????????            <2> timer_ticks     resd    1	;*/	dword timer_ticks;	/* 40:6C Ticks since midnight (lo,hi)
   184 00000070 ??                  <2> timer_new_day   resb    1	;*/	byte timer_new_day;	/* 40:70 Non-zero if new day
   185                              <2> ;;---------------[System data area]--------------;
   186 00000071 ??                  <2> break_flag      resb    1	;*/	byte break_flag;	/* 40:71 Sign bit set iff break
   187 00000072 ????                <2> warm_boot       resw    1	;*/	word warm_boot;		/* 40:72 Warm boot iff==1234h
   188                              <2> ;;---------------[Hard disk scratchpad]----------;
   189 00000074 ????????            <2> hdd_scratch     resd    1	;*/	word hdd_scratch[2];	/* 40:74
   190                              <2> ;;---------------[Timout areas/PRT/LPT]----------;
   191 00000078 ????????            <2> lpt_timeout     resb    4	;*/	byte lpt_timeout[4];	/* 40:78 Ticks for LPT 1-4 timeouts
   192 0000007C ????????            <2> com_timeout     resb    4	;*/	byte com_timeout[4];	/* 40:7C Ticks for COM 1-4 timeouts
   193                              <2> ;;---obsolete----[Keyboard buf start/end]---jrc--;
   194 00000080 ????                <2> kbd_buffer_start resw   1	;*/	word kbd_buffer_start;	/* 40:80 KBD buffer head (PC/AT)
   195 00000082 ????                <2> kbd_buffer_end  resw    1	;*/	word kbd_buffer_end;	/* 40:82 KBD buffer tail (PC/AT)
   196                              <2> ;;---------------[EGA stuff]---------------------;
   197 00000084 ??????????????      <2> EGA_stuff	resb	7	;*/	byte EGA_stuff[7];	/* 40:84 Unspecified EGA data
   198                              <2> ;;---------------[Floppy/Fixed Media Info]-------------;
   199 0000008B ??                  <2> fdc_last_rate	resb	1	;*/	byte fdc_last_rate;	/* 40:8B Last floppy step rate/data rate?
   200 0000008C ????????            <2> fx_misc_unused	resb	4	;*/	byte fx_misc_unused[4];	/* 40:8C Fixed disk miscellaneous ???
   201 00000090 ????                <2> fdc_disk_state	resb	2	;*/	byte fdc_disk_state[2];	/* 40:90 Floppy disk state
   202 00000092 ????                <2> fdc_op_start	resb	2	;*/	byte fdc_op_start[2];	/* 40:92 Floppy operation start state machine
   203 00000094 ????                <2> fdc_cylinder	resb	2	;*/	byte fdc_cylinder[2];	/* 40:94 Floppy present cylinder
   204                              <2> ;;---------------[Additional KBD flags]----------------;
   205 00000096 ??                  <2> kbd_flag_3	resb	1	;*/	byte kbd_flag_3;	/* 40:96 kbd ???
   206 00000097 ??                  <2> kbd_flag_2	resb	1	;*/	byte kbd_flag_2;	/* 40:97 kbd ???
   207                              <2> ;;---------------[RTC/timer1 data]---------------------;
   208 00000098 ????????            <2> user_semaphore	resw	2	;*/	byte *user_semaphore;	/* 40:98 User semaphore in (bit 7)
   209 0000009C ????????            <2> rtc_count	resd	1	;*/	dword rtc_count;	/* 40:9C RTC tick counter
   210 000000A0 ??                  <2> rtc_wait_active	resb	1	;*/	byte rtc_wait_active;	/* 40:A0 Busy=01, Posted=80h,
   211                              <2> ;;---------------[Cassette I/O stuff]------------------;
   212 000000A1 ??                  <2> last_val	resb	1	;*/	byte last_val;		/* 40:A1 Last byte read value
   213 000000A2 ????                <2> crc_reg		resw	1	;*/	word crc_reg;		/* 40:A2 CRC accumulation area
   214                              <2> ;									Post Acknowleged=00;
   215 000000A4 ??                  <2> EGA_data	resb	1	;*/	byte EGA_data;		/* 40:A4 Various usage
   216 000000A5 ????                <2> SDstatus	resb	2	;*/	byte SDstatus[2];	/* 40:A5 Status byte from command
   217 000000A7 ????                <2> SDcardtype	resb	2	;*/	byte SDcardtype[2];	/* 40:A7 SDcard type SDSC=2, HC=3, ...
   218                              <2> ;
   219 000000A9 ????????            <2> fixed_disk_tab	resb	4	;*/	byte fixed_disk_tab[4];	/* dispatch table to fixed disk drivers
   220 000000AD ??                  <2> wait12_count	resb	1	;*/	byte wait12_count;	/* 40:AD 12usec CX count
   221 000000AE ??                  <2> lock_count	resb	1	;*/	byte lock_count;	/* 40:AE lock level counter
   222 000000AF ??                  <2> EMS_start       resb    1	;*/	byte EMS_start;		/* start EMS allocation from here
   223                              <2> fx80		equ	$	;*/	struct EDD_disk fx80;	/* fixed disk parameter area 0
   224 000000B0 ????                <2> fx_log_cylinders resw   1	;	word fx_log_cylinders;	 logical number of cylinders
   225 000000B2 ??                  <2> fx_log_heads    resb    1	;	byte fx_log_heads;	 logical number of heads
   226 000000B3 ??                  <2> fx_signature	resb	1	;	byte fx_signature;	 A0h signature = translated geom
   227 000000B4 ??                  <2> fx_phys_sectors	resb    1       ;	byte fx_phys_sectors;	 physical number of sectors per track
   228 000000B5 ????                <2> fx_LBA_high     resw    1       ;	word fx_LBA_high;	 high word of LBA28 number of sectors
   229 000000B7 ??                  <2> fx_reserved	resb	1	;	byte fx_reserved;	 reserved for future use
   230 000000B8 ??                  <2> fx_drive_control resb   1       ;	byte fx_drive_control;	 flag bits for IDE head register
   231 000000B9 ????                <2> fx_phys_cylinders resw	1	;	word fx_phys_cylinders;	 physical number of cylinders
   232 000000BB ??                  <2> fx_phys_heads	resb	1	;	byte fx_phys_heads;	 physical number of heads
   233 000000BC ????                <2> fx_LBA_low	resw	1	;	word fx_LBA_low;	 low word of LBA28 number of sectors
   234 000000BE ??                  <2> fx_log_sectors	resb	1	;	byte fx_log_sectors;	 logical number of sectors per track
   235 000000BF ??                  <2> fx_checksum	resb	1	;	byte fx_checksum;	 checksum, dunno how to compute
   236 000000C0 <res 10h>           <2> fx81            resb    16	;*/	struct EDD_disk fx81;	/* fixed disk parameter area 1
   237 000000D0 <res 10h>           <2> fx82            resb    16	;*/	struct EDD_disk fx82;	/* fixed disk parameter area 2
   238 000000E0 <res 10h>           <2> fx83            resb    16	;*/	struct EDD_disk fx83;	/* fixed disk parameter area 3
   239                              <2> ;
   240                              <2> ;
   241                              <2> 
   242 000000F0 ????                <2> FPEM_segment    resw    1       ;*/	word FPEM_segment;	/* FPEM data segment
   243                              <2> 
   244 000000F2 ????                <2> EBDA_paragraph  resw    1       ;*/	word EBDA_paragraph;	/* lowest EBDA paragraph
   245                              <2> 
   246 000000F4 ????                <2> dma0_cw         resw    1       ;*/	word dma0_cw;		/* end of dma control word
   247 000000F6 ????                <2> dma1_cw         resw    1       ;*/	word dma1_cw;		/*   ditto
   248                              <2> 
   249 000000F8 ????                <2> fdc_type	resb	2	;*/	byte fdc_type[2];	/* disk type in low nibble, alternate in hi nib
   250                              <2> 
   251 000000FA ????????            <2> debug_static_ptr  resw	2	;*/	void *debug_static_ptr;	/* pointer to debug static area
   252                              <2> 
   253 000000FE ??                  <2> n_fixed_disks   resb    1       ;*/	byte n_fixed_disks;	/* number of fixed disks
   254                              <2> 
   255 000000FF ??                  <2> cpu_xtal        resb    1       ;*/	byte cpu_xtal;		/* CPU crystal frequency in Mhz
   256                              <2> ;								   CPU clock is half of this
   257                              <2> ;;;;;;;;;;;;;;;;;;;;;;;;;;;;;;;;;;;;;;;;;;;;;;;;;;;;;;;;;;;;;;;;;;;;;;;;;;;;
   258                              <2> ;
   259                              <2> ;  System configuration stuff below
   260                              <2> ;	c.f., CONFIG.ASM (ANSI.CFG, CVDU.CFG, etc.), User configuration stuff
   261                              <2> ;;;;;;;;;;;;;;;;;;;;;;;;;;;;;;;;;;;;;;;;;;;;;;;;;;;;;;;;;;;;;;;;;;;;;;;;;;;;
   262                              <2> %if 0				;*/
   263                              <2> #define FIXED_DISK_MAX 4		/*
   264                              <2> %else
   265                              <2> %define FIXED_DISK_MAX 4
   266                              <2> %endif
   267                              <2> %if 0				;*/
   268                              <2> #define PPIDE_driver 1		/*
   269                              <2> %else
   270                              <2> %define PPIDE_driver 1
   271                              <2> %endif
   272                              <2> %if 0				;*/
   273                              <2> #define USB_driver 1		/*
   274                              <2> %else
   275                              <2> %define USB_driver 1
   276                              <2> %endif
   277                              <2> 				;*/
    89                              <1> 
    90                              <1> ;  this must be the same in EQUATES.H */
    91                              <1> %if SOFT_DEBUG
    92                              <1> %define NBREAK  8
    93                              <1> %endif
    94                              <1> 
    95                              <1> 
    96                              <1> %if 0
    97                              <1>         segment _TEXT
    98                              <1> ;; *************************************************************************
    99                              <1> 
   100                              <1> 
   101                              <1> 
   102                              <1> 
   103                              <1> ;; ************************ DOS Data Segment *******************************
   104                              <1> ;dosdir	SEGMENT at 50h				; Boot disk directory from IPL
   105                              <1> ;xerox	label	byte				;  0 if Print Screen idle
   106                              <1> ;						;  1 if PrtSc xeroxing screen
   107                              <1> ;						;255 if PrtSc error in xerox
   108                              <1> ;						;  ...non-grafix PrtSc in bios
   109                              <1> ;	db	200h dup(?)			; PC-DOS bootstrap procedure
   110                              <1> ;						;  ...IBMBIO.COM buffers the
   111                              <1> ;						;  ...directory of the boot
   112                              <1> ;						;  ...device here at IPL time
   113                              <1> ;						;  ...when locating the guts
   114                              <1> ;						;  ...of the operating system
   115                              <1> ;						;  ...filename "IBMDOS.COM"
   116                              <1> ;dosdir	ends
   117                              <1> ;; *************************************************************************
   118                              <1> ;; ************************ DOS IPL Segment ********************************
   119                              <1> ;dosseg	SEGMENT at 70h				; "Kernel" of PC-DOS op sys
   120                              <1> ;;IBMBIO.COM file loaded by boot block. Device Drivers/Bootstrap. CONTIGUOUS<---
   121                              <1> ;;IBMDOS.COM operating system nucleus immediately follows IBMBIO.COM and       !
   122                              <1> ;;     doesn`t have to be contiguous.  The IBMDOS operating system nucleus     !
   123                              <1> ;;     binary image is loaded by transient code in IBMBIO binary image	      !
   124                              <1> ;dosseg	ends					;			      !
   125                              <1> ;iplseg	SEGMENT at 0h				; Segment for boot block      !
   126                              <1> ;;The following boot block is loaded with 512 bytes on the first sector of     !
   127                              <1> ;;the bootable device by code resident in the ROM-resident bios.  Control is   !
   128                              <1> ;;then transferred to the first word 0000:7C00 of the disk-resident bootstrap  !
   129                              <1> ;	ORG	07C00h				;  ..offset for boot block    !
   130                              <1> ;boot	db	200h dup(?)			;  ..start disk resident boot--
   131                              <1> ;iplseg	ends
   132                              <1> 
   133                              <1> %endif
    41                                  
    42                                  offset_BP	equ	0
    43                                  offset_BX	equ	offset_BP+2
    44                                  offset_DS	equ	offset_BX+2
    45                                  offset_IP	equ	offset_DS+2
    46                                  offset_CS	equ	offset_IP+2
    47                                  offset_FLAGS	equ	offset_CS+2
    48                                  
    49                                  	SEGMENT	_TEXT
    50                                  ;========================================================================
    51                                  ; BIOS call entry for keyboard service
    52                                  ;	int  16h
    53                                  ;========================================================================
    54                                  	global  BIOS_call_16h
    55                                  BIOS_call_16h:			; Keyboard service entry
    56 00000000 FB                      	sti			; Enable interrupts
    57 00000001 1E5355                  	pushm   bp,bx,ds	; Standard register save
    58 00000004 89E5                    	mov	bp,sp		; establish stack addressing
    59                                  
    60 00000006 6A40                    	push	bios_data_seg
    61 00000008 1F                      	popm	ds		; establish addressability
    62                                  
    63 00000009 88E3                    	mov     bl,ah		; set to index into dispatch table
    64 0000000B B700                    	mov	bh,0
    65                                  
    66 0000000D 80FB06                  	cmp     bl,.max/2
    67 00000010 7307                    	jae    	.testEnh
    68 00000012 01DB                    	add	bx,bx		; index words
    69 00000014 2EFFA7[2800]                cs	jmp     near [.dispatch+bx]
    70                                  
    71                                  .testEnh:
    72 00000019 80EB10                  	sub	bl,10h
    73 0000001C 80FB03                  	cmp	bl,.max10/2
    74 0000001F 7319                    	jae	err_exit
    75 00000021 01DB                    	add	bx,bx		; index words
    76 00000023 2EFFA7[3400]                cs	jmp	near [.dispatch10+bx]
    77                                  
    78                                  .dispatch:
    79 00000028 [4300]                  	dw      fn00		; Read char from buffer, wait if empty
    80 0000002A [5F00]                  	dw      fn01		; Check buffer, do not clear
    81 0000002C [7700]                  	dw      fn02		; Return Keyboard flags in AL
    82 0000002E [3A00]                  	dw	err_exit	; Set Repeat Rate
    83 00000030 [3A00]                  	dw	err_exit	; Set Keyclick
    84 00000032 [8100]                  	dw	fn05		; Push Char and Scan Code in CX
    85                                  .max	equ     $-.dispatch
    86                                  
    87                                  .dispatch10:
    88 00000034 [4300]                  	dw	fn10		; Read Enhanced Keyboard
    89 00000036 [5F00]                  	dw	fn11		; Check Enh. kbd buffer
    90 00000038 [7C00]                  	dw	fn12		; Get Enh. kbd flags in AX
    91                                  .max10	equ	$-.dispatch10
    92                                  
    93                                  err_exit:
    94 0000003A 834E0A41                	or	word [offset_FLAGS+bp],41h	; set the Carry & Zero flags
    95                                  exit:
    96 0000003E 5D5B1F                  	popm	bp,bx,ds
    97 00000041 CF                      	iret
    98                                  
    99                                  ;========================================================================
   100                                  ; Function 00h - Read char from buffer, wait if empty
   101                                  ; Input:
   102                                  ;	AH = 00h	PC
   103                                  ;	AH = 10h	enhanced
   104                                  ; Output:
   105                                  ;	AH = scan code
   106                                  ;	AL = character
   107                                  ;========================================================================
   108                                  fn00w:
   109                                  %if SOFT_DEBUG
   110                                  	jmp	fn001
   111                                  %else
   112 00000042 F4                              hlt                     ; wait for interrupt
   113                                  %endif
   114                                  ;;;	jmp	fn001
   115                                  
   116                                  fn00:
   117                                  fn10:
   118                                  
   119                                  fn001:
   120 00000043 8B1E1A00                	mov	bx,word [kbd_buffer_head]
   121 00000047 3B1E1C00                	cmp	bx,word [kbd_buffer_tail]
   122 0000004B 74F5                    	jz	fn00w		; buffer is empty - let's wait
   123 0000004D 8B07                    	mov	ax,word [bx]
   124                                  
   125 0000004F 43                      	inc	bx		; move kbd_buffer_head to the next location
   126 00000050 43                      	inc	bx
   127 00000051 83FB3E                  	cmp	bx,kbd_buffer_last
   128 00000054 7503                    	jne	.1
   129 00000056 BB1E00                  	mov	bx,kbd_buffer
   130                                  .1:
   131 00000059 891E1A00                	mov	word [kbd_buffer_head],bx
   132 0000005D EBDF                    	jmp	exit
   133                                  
   134                                  ;========================================================================
   135                                  ; Function 01h - Check buffer, do not clear
   136                                  ; Function 11h - Check Enhanced Keyboard buffer
   137                                  ; Input:
   138                                  ;	AH = 01h	PC
   139                                  ;	AH = 11h	enhanced
   140                                  ; Output:
   141                                  ;	ZF - clear if character in buffer
   142                                  ;		AH = scan code
   143                                  ;		AL = character
   144                                  ;	ZF - set if no character in buffer
   145                                  ;========================================================================
   146                                  fn01:
   147                                  fn11:
   148 0000005F 8B1E1A00                	mov	bx,word [kbd_buffer_head]
   149 00000063 3B1E1C00                	cmp	bx,word [kbd_buffer_tail]
   150 00000067 7408                    	jz	.1
   151 00000069 8B07                    	mov	ax,word [bx]
   152 0000006B 83660ABF                	and	word [bp+offset_FLAGS],~40h	; clear ZF in the stack
   153 0000006F EBCD                    	jmp	exit
   154                                  .1:
   155 00000071 834E0A40                	or	word [bp+offset_FLAGS],40h	; set ZF in the stack
   156 00000075 EBC7                    	jmp	exit
   157                                  
   158                                  ;========================================================================
   159                                  ; Function 02h - Return Keyboard Shift Key Status
   160                                  ; Function 12h - Return Enhanced Keyboard Shift/Alt/Ctrl/NumLock Status
   161                                  ; Input:
   162                                  ;	AH = 02h	PC-keyboard
   163                                  ;	AH = 12h	enhanced
   164                                  ; Output:
   165                                  ;	AL = shift status bits
   166                                  ;		0 = right shift key depressed
   167                                  ;		1 = left shift key depressed
   168                                  ;		2 = CTRL depressed
   169                                  ;		3 = ALT depressed
   170                                  ;		4 = SCROLL LOCK active
   171                                  ;		5 = NUM LOCK active
   172                                  ;		6 = CAPS LOCK active
   173                                  ;		7 = INSERT state active
   174                                  ;
   175                                  ;  and for Function 12h:
   176                                  ;	AX = enhanced keyboard status, above plus:
   177                                  ;		8 = left CTRL key down
   178                                  ;		9 = left ALT key down
   179                                  ;		10 = right CTRL key down
   180                                  ;		11 = right ALT key down
   181                                  ;		12 = SCROLL key is down
   182                                  ;		13 = NUM LOCK key is down
   183                                  ;		14 = CAPS LOCK key is down
   184                                  ;		15 = SYSREQ key is down
   185                                  ;
   186                                  ;========================================================================
   187                                  fn02:
   188 00000077 A01700                  	mov	al,byte [keyboard_flags_0]
   189 0000007A EBC2                    	jmp	exit
   190                                  fn12:
   191 0000007C A11700                  	mov	ax,word [keyboard_flags_0]
   192 0000007F EBBD                    	jmp	exit
   193                                  
   194                                  ;========================================================================
   195                                  ; Function 05h - Check buffer, do not clear
   196                                  ; Input:
   197                                  ;	AH = 05h
   198                                  ;	CH = scan code
   199                                  ;	CL = character
   200                                  ; Output:
   201                                  ;	CF - clear if successful
   202                                  ;	AL = 00h
   203                                  ;
   204                                  ;	CF - set if buffer full
   205                                  ;	AL = 01h
   206                                  ;========================================================================
   207                                  fn05:
   208 00000081 89C8                    	mov	ax,cx		; AX is argument to enqueue
   209 00000083 E81000                  	call	enqueue		; DS is bios_data_seg
   210 00000086 7205                    	jc	.2
   211 00000088 B80105                  	mov	ax,0501h
   212 0000008B EBAD                    	jmp	err_exit
   213                                  
   214 0000008D B80005                  .2:	mov	ax,0500h
   215 00000090 83660AFE                	and	word [offset_FLAGS+bp],~01h	; clear the carry
   216 00000094 EBA8                    	jmp	exit
   217                                  
   218                                  
   219                                  
   220                                  ;========================================================================
   221                                  ; enqueue - add a word in AX to the keyboard buffer
   222                                  ;
   223                                  ;  Input:
   224                                  ;	DS = bios data area pointer
   225                                  ;	AH = scan code
   226                                  ;	AL = character
   227                                  ;  Uses:
   228                                  ;	BX
   229                                  ;
   230                                  ;  Output:
   231                                  ;	the word is enqueued or discarded if buffer is full
   232                                  ;========================================================================
   233                                  enqueue:
   234                                  ; do we have space in the buffer?
   235 00000096 8B1E1C00                	mov	bx,word [kbd_buffer_tail]
   236 0000009A 43                      	inc	bx
   237 0000009B 43                      	inc	bx
   238 0000009C 83FB3E                  	cmp	bx,kbd_buffer_last
   239 0000009F 7503                    	jne	.3
   240 000000A1 BB1E00                  	mov	bx,kbd_buffer
   241                                  .3:
   242 000000A4 3B1E1A00                	cmp	bx,word [kbd_buffer_head]
   243 000000A8 7502                    	jne	.4
   244                                  			; no space in buffer, throw away char
   245                                  			; but check for the next one anyway
   246 000000AA F9                      	stc
   247 000000AB C3                      	ret		; Return with carry Set if no space
   248                                  
   249                                  .4:	; we have some space in the buffer
   250 000000AC 8B1E1C00                	mov	bx,word [kbd_buffer_tail]
   251 000000B0 8907                    	mov	word [bx],ax	; store ASCII and scan code to the buffer
   252 000000B2 43                      	inc	bx
   253 000000B3 43                      	inc	bx
   254 000000B4 83FB3E                  	cmp	bx,kbd_buffer_last
   255 000000B7 7503                    	jne	.5
   256 000000B9 BB1E00                  	mov	bx,kbd_buffer
   257                                  .5:
   258 000000BC 891E1C00                	mov	word [kbd_buffer_tail],bx
   259 000000C0 F8                      	clc		; Return with carry clear if A-okay
   260 000000C1 C3                      	ret
   261                                  
   262                                  
   263                                  ;========================================================================
   264                                  ; multiio_kbd_hook - examine keyboard on every timer tick
   265                                  ;========================================================================
   266                                  	global	multiio_kbd_hook
   267                                  multiio_kbd_hook:
   268 000000C2 E84B01                  	call	I8242GetValue_
   269 000000C5 7301                    	jnc	.2
   270 000000C7 C3                      	ret
   271                                  .2:
   272 000000C8 061E60                  	pushm	all,ds,es	; save EVERYTHING
   273                                  .1:
   274 000000CB B44F                    	mov	AH,4Fh		; keyboard intercept
   275 000000CD F9                      	stc			; so we can respond with IRET
   276 000000CE CD15                    	int	15h
   277 000000D0 730E                    	jnc	.20		; scancode to be bypassed
   278                                  
   279 000000D2 68[ssss]                	push	DGROUP
   280 000000D5 1F                      	popm	ds		; establish addressability
   281                                  	extern	@I8242process
   282 000000D6 E8(0000)                	call	@I8242process	; convert to scan code // character
   283                                  
   284 000000D9 6A40                    	push	bios_data_seg
   285 000000DB 1F                      	popm	ds
   286                                  
   287 000000DC 09C0                    	or	ax,ax		; test for zero (unknown input)
   288 000000DE 7507                    	jnz	.21
   289                                  
   290                                  .20:
   291 000000E0 E82D01                  	call	I8242GetValue_
   292 000000E3 7217                    	jc	.exit
   293 000000E5 EBE4                    	jmp	.1
   294                                  .21:
   295 000000E7 3CE0                    	cmp	al,0E0h		; enhanced keyboard?
   296 000000E9 7502                    	jne	.3
   297 000000EB 30C0                    	xor	al,al		; old PC keyboard
   298                                  .3:
   299 000000ED 3D3412                  	cmp	ax,1234h	; Ctrl-Alt-DEL
   300 000000F0 7502                    	jne	.33
   301 000000F2 CD19                    	int	19h		; re-boot the system
   302                                  
   303                                  .33:
   304 000000F4 E89FFF                  	call	enqueue
   305 000000F7 C606150000              	mov	byte [uart_kbd_ctrl_R], 0
   306                                  
   307                                  .exit:
   308                                  
   309                                  ;   Hook service
   310 000000FC 611F07                  	popm	all,ds,es
   311 000000FF C3                      	ret
   312                                  
   313                                  
   314                                  ;========================================================================
   315                                  ; UART interrupt handler
   316                                  ; This routine does most of the keyboard driver work
   317                                  ;========================================================================
   318                                  	global	uart_int
   319                                  uart_int:
   320 00000100 1E525350                	pushm	ax,bx,dx,ds
   321 00000104 6A40                    	push	bios_data_seg
   322 00000106 1F                      	popm	ds		; establish addressability
   323                                  %if SOFT_DEBUG
   324                                  	push	0xFF
   325                                  	extern	lites
   326                                  	call	lites
   327                                  	hlt
   328                                  %endif
   329                                  .1:
   330 00000107 BA8506                  	mov	dx,uart_lsr
   331 0000010A EC                      	in	al,dx
   332 0000010B 2401                    	and	al,01h		; do we have any data in receive buffer?
   333 0000010D 742E                    	jz	int_exit
   334                                  
   335 0000010F BA8006                  	mov	dx,uart_rbr
   336 00000112 EC                      	in	al,dx		; get next character
   337                                  
   338 00000113 B400                    	mov	ah,0
   339 00000115 3C80                    	cmp	al,80h		; the ASCII code =< 80?
   340 00000117 73EE                    	jae	.1		; ignore, check for the next character
   341                                  %if SOFT_DEBUG
   342                                  	cmp	al,'B' & 01Fh	; ctrl-B
   343                                  	je	v.redbug
   344                                  %endif
   345 00000119 3C12                    	cmp	al,('R' & 01Fh)	; ctrl-R
   346 0000011B 750D                    	jne	.20
   347 0000011D FE061500                	inc	byte [uart_kbd_ctrl_R]
   348 00000121 803E150003              	cmp	byte [uart_kbd_ctrl_R], 3	; 3 ctrl-R's will re-boot
   349 00000126 7207                    	jb	.2
   350                                  %if 1
   351 00000128 CD19                    	int	19h		; does not return
   352                                  %else
   353                                  	mov	word [warm_boot],1234h		; signal warm boot
   354                                  	jmp	0FFFFh:0000h
   355                                  %endif
   356                                  .20:
   357 0000012A C606150000              	mov	byte [uart_kbd_ctrl_R], 0	; zero the re-boot count
   358                                  .2:
   359 0000012F 88C3                    	mov	bl,al		; find the scan code
   360 00000131 B700                    	mov	bh,0
   361 00000133 2E8AA7[4901]                cs	mov	ah,byte [ascii2scan+bx]
   362                                  
   363 00000138 E85BFF                      	call	enqueue
   364                                  
   365 0000013B EBCA                    	jmp	.1		; check for the next character
   366                                  
   367                                  int_exit:
   368                                  ; signal EOI (End of Interrupt)
   369 0000013D BA22FF                  	mov	dx,PIC_EOI	; EOI register
   370 00000140 B80080                  	mov	ax,EOI_NSPEC	; non-specific
   371 00000143 EF                      	out	dx,ax		; signal it
   372                                  
   373 00000144 585B5A1F                	popm	ax,bx,dx,ds
   374 00000148 CF                      	iret
   375                                  
   376                                  ; Debugging code added 10/17/2010 -- JRC
   377                                  ;  Use ctrl-B (^B) as immediate entry into the debugger
   378                                  %if SOFT_DEBUG
   379                                  	extern	redbug
   380                                  v.redbug:
   381                                  ; signal EOI (End of Interrupt)
   382                                  	mov	dx,PIC_EOI	; EOI register
   383                                  	mov	ax,EOI_NSPEC	; non-specific
   384                                  	out	dx,ax		; signal it
   385                                  ; restore the registers
   386                                  	popm	ax,bx,dx,ds
   387                                  ; keep the 'iret' block on the stack
   388                                  	jmp	redbug
   389                                  %endif
   390                                  
   391                                  ascii2scan:
   392                                  	;	NUL,SOH,STX,ETX,EOT,ENQ,ACL,BEL
   393 00000149 0000000000000000        	db	0,  0,  0,  0,  0,  0,  0,  0,
   394                                  	;	BS, TAB,LF, VT, FF, CR, SO, SI
   395 00000151 0E0F0000001C0000        	db      0Eh,0Fh,0,  0,  0,  1Ch,0  ,0
   396                                  	;	DLE,DC1,DC2,DC3,DC4,NAK,SYN,ETB
   397 00000159 0000000000000000        	db	0,  0,  0,  0,  0,  0,  0,  0,
   398                                  	;	CAN,EM, SUB,ESC,FS, GS, RS, US
   399 00000161 0000000100000000        	db      0,  0,  0,  01h,0,  0,  0,  0,
   400                                  	;	 ,  !,  ",  #,  $,  %,  &,  '
   401 00000169 3902280405060828        	db	39h,02h,28h,04h,05h,06h,08h,28h
   402                                  	;	(,  ),  *,  +,  ,,  -,  .,  /
   403 00000171 0A0B090D330C3435        	db	0Ah,0Bh,09h,0Dh,33h,0Ch,34h,35h
   404                                  	;	0,  1,  2,  3,  4,  5,  6,  7
   405 00000179 0B02030405060708        	db	0Bh,02h,03h,04h,05h,06h,07h,08h
   406                                  	;	8,  9,  :,  ;,  <,  =,  >,  ?
   407 00000181 090A2727330D3435        	db	09h,0Ah,27h,27h,33h,0Dh,34h,35h
   408                                  	;	@,  A,  B,  C,  D,  E,  F,  G
   409 00000189 031E302E20122122        	db	03h,1Eh,30h,2Eh,20h,12h,21h,22h
   410                                  	;	H,  I,  J,  K,  L,  M,  N,  O
   411 00000191 2317242526323118        	db	23h,17h,24h,25h,26h,32h,31h,18h
   412                                  	;	P,  Q,  R,  S,  T,  U,  V,  W
   413 00000199 1910131F14162F11        	db	19h,10h,13h,1Fh,14h,16h,2Fh,11h
   414                                  	;	X,  Y,  Z,  [,  \,  ],  ^,  _
   415 000001A1 2D152C1A2B1B070C        	db	2Dh,15h,2Ch,1Ah,2Bh,1Bh,07h,0Ch
   416                                  	;	`,  a,  b,  c,  d,  e,  f,  g
   417 000001A9 291E302E20122122        	db	29h,1Eh,30h,2Eh,20h,12h,21h,22h
   418                                  	;	h,  i,  j,  k,  l,  m,  n,  o
   419 000001B1 2317242526323118        	db	23h,17h,24h,25h,26h,32h,31h,18h
   420                                  	;	p,  q,  r,  s,  t,  u,  v,  w
   421 000001B9 1910131F14162F11        	db	19h,10h,13h,1Fh,14h,16h,2Fh,11h
   422                                  	;	x,  y,  z,  {,  |,  },  ~,  DEL
   423 000001C1 2D152C1A2B1B2953        	db	2Dh,15h,2Ch,1Ah,2Bh,1Bh,29h,53h
   424                                  
   425                                  ;========================================================================
   426                                  ; keyboart_init - initialize keyboard
   427                                  ;========================================================================
   428                                  	global	keyboard_init
   429                                  keyboard_init:
   430 000001C9 061E60                  	pushm	all,ds,es	; was AX,DS,ES
   431                                  
   432                                  
   433 000001CC 68[ssss]                	push	DGROUP
   434 000001CF 1F                      	popm	ds
   435                                  
   436 000001D0 6A40                    	push	bios_data_seg
   437 000001D2 1F                      	popm	ds
   438                                  
   439 000001D3 B81E00                  	mov	ax,kbd_buffer	; setup keyboard buffer
   440 000001D6 A31A00                  	mov	word [kbd_buffer_head],ax
   441 000001D9 A31C00                  	mov	word [kbd_buffer_tail],ax
   442 000001DC 31C0                    	xor	ax,ax		; clear keyboard flags
   443 000001DE A31700                  	mov	word [keyboard_flags_0],ax
   444                                  
   445                                  %if UART
   446 000001E1 B001                    	mov	al,01h
   447 000001E3 BA8106                  	mov	dx,uart_ier
   448 000001E6 EE                      	out	dx,al		; Enable interrupts on receive
   449                                  
   450 000001E7 BA38FF                  	mov	dx,PIC_I0CON	; Int 1 control register
   451 000001EA ED                      	in	ax,dx
   452 000001EB 83E0F7                  	and	ax,~08h		; clear the mask bit
   453 000001EE EF                      	out	dx,ax
   454                                  %endif
   455                                  
   456                                  	extern	Init8242_
   457 000001EF E8(0000)                	call	Init8242_
   458                                  
   459 000001F2 611F07                  	popm	all,ds,es
   460 000001F5 C3                      	ret
   461                                  
   462                                  ;========================================================================
   463                                  ; uart_getchar - Read char from buffer, wait if empty
   464                                  ; Input:
   465                                  ; 	none
   466                                  ; Output:
   467                                  ;	AL = character
   468                                  ;	AH = 0
   469                                  ;========================================================================
   470                                  	global	@uart_getchar
   471                                  @uart_getchar:
   472 000001F6 B400                    	mov	ah,0
   473 000001F8 CD16                    	int	16h
   474 000001FA B400                    	mov	ah,0
   475 000001FC C3                      	ret
   476                                  
   477                                  
   478                                  ;========================================================================
   479                                  ;  void I8242CommandPut(byte value);
   480                                  ; Input:
   481                                  ;	AL = command byte
   482                                  ; Output:
   483                                  ;	none
   484                                  ;========================================================================
   485                                  	global I8242CommandPut_
   486                                  I8242CommandPut_:
   487 000001FD 52                      	push	dx
   488 000001FE 88C4                    	mov	ah,al		; save the command byte
   489 00000200 BA4D04                  .1:	mov	dx,MultiIo8242+1
   490 00000203 EC                      	in	al,dx
   491 00000204 A802                    	test	al,2
   492 00000206 75F8                    	jnz	.1
   493 00000208 BA4D04                  	mov	dx,MultiIo8242+1
   494 0000020B 88E0                    	mov	al,ah
   495 0000020D EE                      	out	dx,al
   496 0000020E 5A                      	pop	dx
   497 0000020F C3                      	ret
   498                                  
   499                                  
   500                                  ;========================================================================
   501                                  ;  int I8242GetValue(void);
   502                                  ; Input:
   503                                  ;	none
   504                                  ; Output:
   505                                  ;	AX = -1		no value available (C-flag set)
   506                                  ;	AX = input byte	if available	   (C-flag clear)
   507                                  ;
   508                                  ;========================================================================
   509                                  	global	I8242GetValue_
   510                                  I8242GetValue_:
   511 00000210 52                      	push	dx
   512 00000211 BA4D04                  	mov	dx,MultiIo8242+1
   513 00000214 EC                      	in	al,dx
   514 00000215 A801                    	test	al,1
   515 00000217 7408                    	jz	.7
   516 00000219 BA4C04                  	mov	dx,MultiIo8242
   517 0000021C EC                      	in	al,dx
   518 0000021D 30E4                    	xor	ah,ah		; clear high byte for 'int' return
   519 0000021F EB04                    	jmp	.9
   520                                  .7:
   521 00000221 B8FFFF                  	mov	ax,-1
   522 00000224 F9                      	stc
   523 00000225 5A                      .9:	pop	dx
   524 00000226 C3                      	ret
